 * Serving Flask app 'app'
 * Debug mode: off
[31m[1mWARNING: This is a development server. Do not use it in a production deployment. Use a production WSGI server instead.[0m
 * Running on all addresses (0.0.0.0)
 * Running on http://127.0.0.1:5000
 * Running on http://172.31.108.197:5000
[33mPress CTRL+C to quit[0m
127.0.0.1 - - [15/May/2025 20:39:02] "[33mGET / HTTP/1.1[0m" 404 -
103.36.25.6 - - [15/May/2025 20:39:14] "GET /api/user/2 HTTP/1.1" 200 -
103.36.25.6 - - [15/May/2025 20:39:15] "[33mGET /favicon.ico HTTP/1.1[0m" 404 -
103.36.25.6 - - [15/May/2025 20:40:05] "GET /api/user/2 HTTP/1.1" 200 -
103.36.25.6 - - [15/May/2025 20:40:08] "GET /api/user/1 HTTP/1.1" 200 -
103.36.25.6 - - [15/May/2025 20:40:26] "POST /api/user/login HTTP/1.1" 200 -
103.36.25.6 - - [15/May/2025 20:40:27] "GET /api/user/1 HTTP/1.1" 200 -
103.36.25.6 - - [15/May/2025 20:40:29] "POST /api/twin/add HTTP/1.1" 200 -
103.36.25.6 - - [15/May/2025 20:40:30] "GET /api/twin/user/1 HTTP/1.1" 200 -
103.36.25.6 - - [15/May/2025 20:40:30] "POST /api/session/create HTTP/1.1" 200 -
103.36.25.6 - - [15/May/2025 20:40:31] "GET /api/session/user/1 HTTP/1.1" 200 -
103.36.25.6 - - [15/May/2025 20:40:31] "POST /api/rppg/add HTTP/1.1" 200 -
103.36.25.6 - - [15/May/2025 20:40:32] "GET /api/rppg/session/5 HTTP/1.1" 200 -
103.36.25.6 - - [15/May/2025 20:40:33] "GET /api/tips/user/1 HTTP/1.1" 200 -
103.36.25.6 - - [15/May/2025 20:40:34] "[33mGET /api/auth/list/1 HTTP/1.1[0m" 404 -
103.36.25.6 - - [15/May/2025 20:40:35] "[31m[1mPOST /api/user/login HTTP/1.1[0m" 401 -
[2025-05-15 20:40:36,050] ERROR in app: Exception on /api/friend/request [POST]
Traceback (most recent call last):
  File "/root/venv/lib/python3.10/site-packages/sqlalchemy/engine/base.py", line 1964, in _exec_single_context
    self.dialect.do_execute(
  File "/root/venv/lib/python3.10/site-packages/sqlalchemy/engine/default.py", line 945, in do_execute
    cursor.execute(statement, parameters)
  File "/root/venv/lib/python3.10/site-packages/pymysql/cursors.py", line 153, in execute
    result = self._query(query)
  File "/root/venv/lib/python3.10/site-packages/pymysql/cursors.py", line 322, in _query
    conn.query(q)
  File "/root/venv/lib/python3.10/site-packages/pymysql/connections.py", line 558, in query
    self._affected_rows = self._read_query_result(unbuffered=unbuffered)
  File "/root/venv/lib/python3.10/site-packages/pymysql/connections.py", line 822, in _read_query_result
    result.read()
  File "/root/venv/lib/python3.10/site-packages/pymysql/connections.py", line 1200, in read
    first_packet = self.connection._read_packet()
  File "/root/venv/lib/python3.10/site-packages/pymysql/connections.py", line 772, in _read_packet
    packet.raise_for_error()
  File "/root/venv/lib/python3.10/site-packages/pymysql/protocol.py", line 221, in raise_for_error
    err.raise_mysql_exception(self._data)
  File "/root/venv/lib/python3.10/site-packages/pymysql/err.py", line 143, in raise_mysql_exception
    raise errorclass(errno, errval)
pymysql.err.ProgrammingError: (1146, "Table 'rayvita.friend_requests' doesn't exist")

The above exception was the direct cause of the following exception:

Traceback (most recent call last):
  File "/root/venv/lib/python3.10/site-packages/flask/app.py", line 1463, in wsgi_app
    response = self.full_dispatch_request()
  File "/root/venv/lib/python3.10/site-packages/flask/app.py", line 872, in full_dispatch_request
    rv = self.handle_user_exception(e)
  File "/root/venv/lib/python3.10/site-packages/flask_cors/extension.py", line 176, in wrapped_function
    return cors_after_request(app.make_response(f(*args, **kwargs)))
  File "/root/venv/lib/python3.10/site-packages/flask/app.py", line 870, in full_dispatch_request
    rv = self.dispatch_request()
  File "/root/venv/lib/python3.10/site-packages/flask/app.py", line 855, in dispatch_request
    return self.ensure_sync(self.view_functions[rule.endpoint])(**view_args)  # type: ignore[no-any-return]
  File "/root/rayvita_api/app/routes/friend_routes.py", line 13, in send_request
    db.session.commit()
  File "/root/venv/lib/python3.10/site-packages/sqlalchemy/orm/scoping.py", line 599, in commit
    return self._proxied.commit()
  File "/root/venv/lib/python3.10/site-packages/sqlalchemy/orm/session.py", line 2032, in commit
    trans.commit(_to_root=True)
  File "<string>", line 2, in commit
  File "/root/venv/lib/python3.10/site-packages/sqlalchemy/orm/state_changes.py", line 139, in _go
    ret_value = fn(self, *arg, **kw)
  File "/root/venv/lib/python3.10/site-packages/sqlalchemy/orm/session.py", line 1313, in commit
    self._prepare_impl()
  File "<string>", line 2, in _prepare_impl
  File "/root/venv/lib/python3.10/site-packages/sqlalchemy/orm/state_changes.py", line 139, in _go
    ret_value = fn(self, *arg, **kw)
  File "/root/venv/lib/python3.10/site-packages/sqlalchemy/orm/session.py", line 1288, in _prepare_impl
    self.session.flush()
  File "/root/venv/lib/python3.10/site-packages/sqlalchemy/orm/session.py", line 4353, in flush
    self._flush(objects)
  File "/root/venv/lib/python3.10/site-packages/sqlalchemy/orm/session.py", line 4488, in _flush
    with util.safe_reraise():
  File "/root/venv/lib/python3.10/site-packages/sqlalchemy/util/langhelpers.py", line 146, in __exit__
    raise exc_value.with_traceback(exc_tb)
  File "/root/venv/lib/python3.10/site-packages/sqlalchemy/orm/session.py", line 4449, in _flush
    flush_context.execute()
  File "/root/venv/lib/python3.10/site-packages/sqlalchemy/orm/unitofwork.py", line 466, in execute
    rec.execute(self)
  File "/root/venv/lib/python3.10/site-packages/sqlalchemy/orm/unitofwork.py", line 642, in execute
    util.preloaded.orm_persistence.save_obj(
  File "/root/venv/lib/python3.10/site-packages/sqlalchemy/orm/persistence.py", line 93, in save_obj
    _emit_insert_statements(
  File "/root/venv/lib/python3.10/site-packages/sqlalchemy/orm/persistence.py", line 1233, in _emit_insert_statements
    result = connection.execute(
  File "/root/venv/lib/python3.10/site-packages/sqlalchemy/engine/base.py", line 1416, in execute
    return meth(
  File "/root/venv/lib/python3.10/site-packages/sqlalchemy/sql/elements.py", line 523, in _execute_on_connection
    return connection._execute_clauseelement(
  File "/root/venv/lib/python3.10/site-packages/sqlalchemy/engine/base.py", line 1638, in _execute_clauseelement
    ret = self._execute_context(
  File "/root/venv/lib/python3.10/site-packages/sqlalchemy/engine/base.py", line 1843, in _execute_context
    return self._exec_single_context(
  File "/root/venv/lib/python3.10/site-packages/sqlalchemy/engine/base.py", line 1983, in _exec_single_context
    self._handle_dbapi_exception(
  File "/root/venv/lib/python3.10/site-packages/sqlalchemy/engine/base.py", line 2352, in _handle_dbapi_exception
    raise sqlalchemy_exception.with_traceback(exc_info[2]) from e
  File "/root/venv/lib/python3.10/site-packages/sqlalchemy/engine/base.py", line 1964, in _exec_single_context
    self.dialect.do_execute(
  File "/root/venv/lib/python3.10/site-packages/sqlalchemy/engine/default.py", line 945, in do_execute
    cursor.execute(statement, parameters)
  File "/root/venv/lib/python3.10/site-packages/pymysql/cursors.py", line 153, in execute
    result = self._query(query)
  File "/root/venv/lib/python3.10/site-packages/pymysql/cursors.py", line 322, in _query
    conn.query(q)
  File "/root/venv/lib/python3.10/site-packages/pymysql/connections.py", line 558, in query
    self._affected_rows = self._read_query_result(unbuffered=unbuffered)
  File "/root/venv/lib/python3.10/site-packages/pymysql/connections.py", line 822, in _read_query_result
    result.read()
  File "/root/venv/lib/python3.10/site-packages/pymysql/connections.py", line 1200, in read
    first_packet = self.connection._read_packet()
  File "/root/venv/lib/python3.10/site-packages/pymysql/connections.py", line 772, in _read_packet
    packet.raise_for_error()
  File "/root/venv/lib/python3.10/site-packages/pymysql/protocol.py", line 221, in raise_for_error
    err.raise_mysql_exception(self._data)
  File "/root/venv/lib/python3.10/site-packages/pymysql/err.py", line 143, in raise_mysql_exception
    raise errorclass(errno, errval)
sqlalchemy.exc.ProgrammingError: (pymysql.err.ProgrammingError) (1146, "Table 'rayvita.friend_requests' doesn't exist")
[SQL: INSERT INTO friend_requests (from_id, to_id, sent_dt, status) VALUES (%(from_id)s, %(to_id)s, %(sent_dt)s, %(status)s)]
[parameters: {'from_id': 1, 'to_id': 2, 'sent_dt': datetime.datetime(2025, 5, 15, 12, 40, 36, 49089), 'status': 'pending'}]
(Background on this error at: https://sqlalche.me/e/20/f405)
103.36.25.6 - - [15/May/2025 20:40:36] "[35m[1mPOST /api/friend/request HTTP/1.1[0m" 500 -
103.36.25.6 - - [15/May/2025 20:40:36] "GET /api/friend/list?user_id=1 HTTP/1.1" 200 -
103.36.25.6 - - [15/May/2025 20:40:37] "GET /api/friend/list?user_id=2 HTTP/1.1" 200 -
103.36.25.6 - - [15/May/2025 20:40:38] "[33mPUT /api/friend/2/block HTTP/1.1[0m" 404 -
103.36.25.6 - - [15/May/2025 20:40:38] "[33mPUT /api/friend/2/block HTTP/1.1[0m" 404 -
[2025-05-15 20:40:40,578] ERROR in app: Exception on /api/challenge/create [POST]
Traceback (most recent call last):
  File "/root/venv/lib/python3.10/site-packages/sqlalchemy/engine/base.py", line 1964, in _exec_single_context
    self.dialect.do_execute(
  File "/root/venv/lib/python3.10/site-packages/sqlalchemy/engine/default.py", line 945, in do_execute
    cursor.execute(statement, parameters)
  File "/root/venv/lib/python3.10/site-packages/pymysql/cursors.py", line 153, in execute
    result = self._query(query)
  File "/root/venv/lib/python3.10/site-packages/pymysql/cursors.py", line 322, in _query
    conn.query(q)
  File "/root/venv/lib/python3.10/site-packages/pymysql/connections.py", line 558, in query
    self._affected_rows = self._read_query_result(unbuffered=unbuffered)
  File "/root/venv/lib/python3.10/site-packages/pymysql/connections.py", line 822, in _read_query_result
    result.read()
  File "/root/venv/lib/python3.10/site-packages/pymysql/connections.py", line 1200, in read
    first_packet = self.connection._read_packet()
  File "/root/venv/lib/python3.10/site-packages/pymysql/connections.py", line 772, in _read_packet
    packet.raise_for_error()
  File "/root/venv/lib/python3.10/site-packages/pymysql/protocol.py", line 221, in raise_for_error
    err.raise_mysql_exception(self._data)
  File "/root/venv/lib/python3.10/site-packages/pymysql/err.py", line 143, in raise_mysql_exception
    raise errorclass(errno, errval)
pymysql.err.OperationalError: (1054, "Unknown column 'punch_count' in 'INSERT INTO'")

The above exception was the direct cause of the following exception:

Traceback (most recent call last):
  File "/root/venv/lib/python3.10/site-packages/flask/app.py", line 1463, in wsgi_app
    response = self.full_dispatch_request()
  File "/root/venv/lib/python3.10/site-packages/flask/app.py", line 872, in full_dispatch_request
    rv = self.handle_user_exception(e)
  File "/root/venv/lib/python3.10/site-packages/flask_cors/extension.py", line 176, in wrapped_function
    return cors_after_request(app.make_response(f(*args, **kwargs)))
  File "/root/venv/lib/python3.10/site-packages/flask/app.py", line 870, in full_dispatch_request
    rv = self.dispatch_request()
  File "/root/venv/lib/python3.10/site-packages/flask/app.py", line 855, in dispatch_request
    return self.ensure_sync(self.view_functions[rule.endpoint])(**view_args)  # type: ignore[no-any-return]
  File "/root/rayvita_api/app/routes/challenge_routes.py", line 18, in create_challenge
    db.session.commit()
  File "/root/venv/lib/python3.10/site-packages/sqlalchemy/orm/scoping.py", line 599, in commit
    return self._proxied.commit()
  File "/root/venv/lib/python3.10/site-packages/sqlalchemy/orm/session.py", line 2032, in commit
    trans.commit(_to_root=True)
  File "<string>", line 2, in commit
  File "/root/venv/lib/python3.10/site-packages/sqlalchemy/orm/state_changes.py", line 139, in _go
    ret_value = fn(self, *arg, **kw)
  File "/root/venv/lib/python3.10/site-packages/sqlalchemy/orm/session.py", line 1313, in commit
    self._prepare_impl()
  File "<string>", line 2, in _prepare_impl
  File "/root/venv/lib/python3.10/site-packages/sqlalchemy/orm/state_changes.py", line 139, in _go
    ret_value = fn(self, *arg, **kw)
  File "/root/venv/lib/python3.10/site-packages/sqlalchemy/orm/session.py", line 1288, in _prepare_impl
    self.session.flush()
  File "/root/venv/lib/python3.10/site-packages/sqlalchemy/orm/session.py", line 4353, in flush
    self._flush(objects)
  File "/root/venv/lib/python3.10/site-packages/sqlalchemy/orm/session.py", line 4488, in _flush
    with util.safe_reraise():
  File "/root/venv/lib/python3.10/site-packages/sqlalchemy/util/langhelpers.py", line 146, in __exit__
    raise exc_value.with_traceback(exc_tb)
  File "/root/venv/lib/python3.10/site-packages/sqlalchemy/orm/session.py", line 4449, in _flush
    flush_context.execute()
  File "/root/venv/lib/python3.10/site-packages/sqlalchemy/orm/unitofwork.py", line 466, in execute
    rec.execute(self)
  File "/root/venv/lib/python3.10/site-packages/sqlalchemy/orm/unitofwork.py", line 642, in execute
    util.preloaded.orm_persistence.save_obj(
  File "/root/venv/lib/python3.10/site-packages/sqlalchemy/orm/persistence.py", line 93, in save_obj
    _emit_insert_statements(
  File "/root/venv/lib/python3.10/site-packages/sqlalchemy/orm/persistence.py", line 1233, in _emit_insert_statements
    result = connection.execute(
  File "/root/venv/lib/python3.10/site-packages/sqlalchemy/engine/base.py", line 1416, in execute
    return meth(
  File "/root/venv/lib/python3.10/site-packages/sqlalchemy/sql/elements.py", line 523, in _execute_on_connection
    return connection._execute_clauseelement(
  File "/root/venv/lib/python3.10/site-packages/sqlalchemy/engine/base.py", line 1638, in _execute_clauseelement
    ret = self._execute_context(
  File "/root/venv/lib/python3.10/site-packages/sqlalchemy/engine/base.py", line 1843, in _execute_context
    return self._exec_single_context(
  File "/root/venv/lib/python3.10/site-packages/sqlalchemy/engine/base.py", line 1983, in _exec_single_context
    self._handle_dbapi_exception(
  File "/root/venv/lib/python3.10/site-packages/sqlalchemy/engine/base.py", line 2352, in _handle_dbapi_exception
    raise sqlalchemy_exception.with_traceback(exc_info[2]) from e
  File "/root/venv/lib/python3.10/site-packages/sqlalchemy/engine/base.py", line 1964, in _exec_single_context
    self.dialect.do_execute(
  File "/root/venv/lib/python3.10/site-packages/sqlalchemy/engine/default.py", line 945, in do_execute
    cursor.execute(statement, parameters)
  File "/root/venv/lib/python3.10/site-packages/pymysql/cursors.py", line 153, in execute
    result = self._query(query)
  File "/root/venv/lib/python3.10/site-packages/pymysql/cursors.py", line 322, in _query
    conn.query(q)
  File "/root/venv/lib/python3.10/site-packages/pymysql/connections.py", line 558, in query
    self._affected_rows = self._read_query_result(unbuffered=unbuffered)
  File "/root/venv/lib/python3.10/site-packages/pymysql/connections.py", line 822, in _read_query_result
    result.read()
  File "/root/venv/lib/python3.10/site-packages/pymysql/connections.py", line 1200, in read
    first_packet = self.connection._read_packet()
  File "/root/venv/lib/python3.10/site-packages/pymysql/connections.py", line 772, in _read_packet
    packet.raise_for_error()
  File "/root/venv/lib/python3.10/site-packages/pymysql/protocol.py", line 221, in raise_for_error
    err.raise_mysql_exception(self._data)
  File "/root/venv/lib/python3.10/site-packages/pymysql/err.py", line 143, in raise_mysql_exception
    raise errorclass(errno, errval)
sqlalchemy.exc.OperationalError: (pymysql.err.OperationalError) (1054, "Unknown column 'punch_count' in 'INSERT INTO'")
[SQL: INSERT INTO challenges (user_id, challenge_type, start_dt, end_dt, score, punch_count, rule_version) VALUES (%(user_id)s, %(challenge_type)s, %(start_dt)s, %(end_dt)s, %(score)s, %(punch_count)s, %(rule_version)s)]
[parameters: {'user_id': 1, 'challenge_type': 'hr_stability', 'start_dt': datetime.datetime(2025, 5, 15, 12, 40, 40, 575238), 'end_dt': None, 'score': 0, 'punch_count': 0, 'rule_version': 'v1.0'}]
(Background on this error at: https://sqlalche.me/e/20/e3q8)
103.36.25.6 - - [15/May/2025 20:40:40] "[35m[1mPOST /api/challenge/create HTTP/1.1[0m" 500 -
103.36.25.6 - - [15/May/2025 20:40:41] "POST /api/post/create HTTP/1.1" 200 -
103.36.25.6 - - [15/May/2025 20:40:42] "[33mGET /api/post/user/1 HTTP/1.1[0m" 404 -
103.36.25.6 - - [15/May/2025 20:40:42] "POST /api/post/3/like HTTP/1.1" 200 -
103.36.25.6 - - [15/May/2025 20:40:43] "POST /api/post/3/comment HTTP/1.1" 200 -
103.36.25.6 - - [15/May/2025 20:40:44] "[33mGET /api/notify/user/2 HTTP/1.1[0m" 404 -
103.36.25.6 - - [15/May/2025 20:54:10] "POST /api/user/login HTTP/1.1" 200 -
103.36.25.6 - - [15/May/2025 20:54:21] "GET /api/user/2 HTTP/1.1" 200 -
103.36.25.6 - - [15/May/2025 20:54:25] "GET /api/user/2 HTTP/1.1" 200 -
103.36.25.6 - - [15/May/2025 20:58:05] "POST /api/user/login HTTP/1.1" 200 -
103.36.25.6 - - [15/May/2025 20:58:07] "GET /api/twin/user/2 HTTP/1.1" 200 -
103.36.25.6 - - [15/May/2025 20:58:19] "POST /api/user/login HTTP/1.1" 200 -
103.36.25.6 - - [15/May/2025 20:58:48] "GET /api/tips/user/2 HTTP/1.1" 200 -
[2025-05-15 20:58:51,139] ERROR in app: Exception on /api/challenge/user/2 [GET]
Traceback (most recent call last):
  File "/root/venv/lib/python3.10/site-packages/sqlalchemy/engine/base.py", line 1964, in _exec_single_context
    self.dialect.do_execute(
  File "/root/venv/lib/python3.10/site-packages/sqlalchemy/engine/default.py", line 945, in do_execute
    cursor.execute(statement, parameters)
  File "/root/venv/lib/python3.10/site-packages/pymysql/cursors.py", line 153, in execute
    result = self._query(query)
  File "/root/venv/lib/python3.10/site-packages/pymysql/cursors.py", line 322, in _query
    conn.query(q)
  File "/root/venv/lib/python3.10/site-packages/pymysql/connections.py", line 558, in query
    self._affected_rows = self._read_query_result(unbuffered=unbuffered)
  File "/root/venv/lib/python3.10/site-packages/pymysql/connections.py", line 822, in _read_query_result
    result.read()
  File "/root/venv/lib/python3.10/site-packages/pymysql/connections.py", line 1200, in read
    first_packet = self.connection._read_packet()
  File "/root/venv/lib/python3.10/site-packages/pymysql/connections.py", line 772, in _read_packet
    packet.raise_for_error()
  File "/root/venv/lib/python3.10/site-packages/pymysql/protocol.py", line 221, in raise_for_error
    err.raise_mysql_exception(self._data)
  File "/root/venv/lib/python3.10/site-packages/pymysql/err.py", line 143, in raise_mysql_exception
    raise errorclass(errno, errval)
pymysql.err.OperationalError: (1054, "Unknown column 'challenges.punch_count' in 'SELECT'")

The above exception was the direct cause of the following exception:

Traceback (most recent call last):
  File "/root/venv/lib/python3.10/site-packages/flask/app.py", line 1463, in wsgi_app
    response = self.full_dispatch_request()
  File "/root/venv/lib/python3.10/site-packages/flask/app.py", line 872, in full_dispatch_request
    rv = self.handle_user_exception(e)
  File "/root/venv/lib/python3.10/site-packages/flask_cors/extension.py", line 176, in wrapped_function
    return cors_after_request(app.make_response(f(*args, **kwargs)))
  File "/root/venv/lib/python3.10/site-packages/flask/app.py", line 870, in full_dispatch_request
    rv = self.dispatch_request()
  File "/root/venv/lib/python3.10/site-packages/flask/app.py", line 855, in dispatch_request
    return self.ensure_sync(self.view_functions[rule.endpoint])(**view_args)  # type: ignore[no-any-return]
  File "/root/rayvita_api/app/routes/challenge_routes.py", line 43, in list_user_challenges
    qs = Challenge.query.filter_by(user_id=user_id).order_by(Challenge.start_dt.desc()).all()
  File "/root/venv/lib/python3.10/site-packages/sqlalchemy/orm/query.py", line 2704, in all
    return self._iter().all()  # type: ignore
  File "/root/venv/lib/python3.10/site-packages/sqlalchemy/orm/query.py", line 2858, in _iter
    result: Union[ScalarResult[_T], Result[_T]] = self.session.execute(
  File "/root/venv/lib/python3.10/site-packages/sqlalchemy/orm/session.py", line 2365, in execute
    return self._execute_internal(
  File "/root/venv/lib/python3.10/site-packages/sqlalchemy/orm/session.py", line 2251, in _execute_internal
    result: Result[Any] = compile_state_cls.orm_execute_statement(
  File "/root/venv/lib/python3.10/site-packages/sqlalchemy/orm/context.py", line 306, in orm_execute_statement
    result = conn.execute(
  File "/root/venv/lib/python3.10/site-packages/sqlalchemy/engine/base.py", line 1416, in execute
    return meth(
  File "/root/venv/lib/python3.10/site-packages/sqlalchemy/sql/elements.py", line 523, in _execute_on_connection
    return connection._execute_clauseelement(
  File "/root/venv/lib/python3.10/site-packages/sqlalchemy/engine/base.py", line 1638, in _execute_clauseelement
    ret = self._execute_context(
  File "/root/venv/lib/python3.10/site-packages/sqlalchemy/engine/base.py", line 1843, in _execute_context
    return self._exec_single_context(
  File "/root/venv/lib/python3.10/site-packages/sqlalchemy/engine/base.py", line 1983, in _exec_single_context
    self._handle_dbapi_exception(
  File "/root/venv/lib/python3.10/site-packages/sqlalchemy/engine/base.py", line 2352, in _handle_dbapi_exception
    raise sqlalchemy_exception.with_traceback(exc_info[2]) from e
  File "/root/venv/lib/python3.10/site-packages/sqlalchemy/engine/base.py", line 1964, in _exec_single_context
    self.dialect.do_execute(
  File "/root/venv/lib/python3.10/site-packages/sqlalchemy/engine/default.py", line 945, in do_execute
    cursor.execute(statement, parameters)
  File "/root/venv/lib/python3.10/site-packages/pymysql/cursors.py", line 153, in execute
    result = self._query(query)
  File "/root/venv/lib/python3.10/site-packages/pymysql/cursors.py", line 322, in _query
    conn.query(q)
  File "/root/venv/lib/python3.10/site-packages/pymysql/connections.py", line 558, in query
    self._affected_rows = self._read_query_result(unbuffered=unbuffered)
  File "/root/venv/lib/python3.10/site-packages/pymysql/connections.py", line 822, in _read_query_result
    result.read()
  File "/root/venv/lib/python3.10/site-packages/pymysql/connections.py", line 1200, in read
    first_packet = self.connection._read_packet()
  File "/root/venv/lib/python3.10/site-packages/pymysql/connections.py", line 772, in _read_packet
    packet.raise_for_error()
  File "/root/venv/lib/python3.10/site-packages/pymysql/protocol.py", line 221, in raise_for_error
    err.raise_mysql_exception(self._data)
  File "/root/venv/lib/python3.10/site-packages/pymysql/err.py", line 143, in raise_mysql_exception
    raise errorclass(errno, errval)
sqlalchemy.exc.OperationalError: (pymysql.err.OperationalError) (1054, "Unknown column 'challenges.punch_count' in 'SELECT'")
[SQL: SELECT challenges.challenge_id AS challenges_challenge_id, challenges.user_id AS challenges_user_id, challenges.challenge_type AS challenges_challenge_type, challenges.start_dt AS challenges_start_dt, challenges.end_dt AS challenges_end_dt, challenges.score AS challenges_score, challenges.punch_count AS challenges_punch_count, challenges.rule_version AS challenges_rule_version 
FROM challenges 
WHERE challenges.user_id = %(user_id_1)s ORDER BY challenges.start_dt DESC]
[parameters: {'user_id_1': 2}]
(Background on this error at: https://sqlalche.me/e/20/e3q8)
103.36.25.6 - - [15/May/2025 20:58:51] "[35m[1mGET /api/challenge/user/2 HTTP/1.1[0m" 500 -
103.36.25.6 - - [15/May/2025 20:58:54] "GET /api/friend/list HTTP/1.1" 200 -
[2025-05-15 20:58:59,095] ERROR in app: Exception on /api/friend/request [POST]
Traceback (most recent call last):
  File "/root/venv/lib/python3.10/site-packages/sqlalchemy/engine/base.py", line 1964, in _exec_single_context
    self.dialect.do_execute(
  File "/root/venv/lib/python3.10/site-packages/sqlalchemy/engine/default.py", line 945, in do_execute
    cursor.execute(statement, parameters)
  File "/root/venv/lib/python3.10/site-packages/pymysql/cursors.py", line 153, in execute
    result = self._query(query)
  File "/root/venv/lib/python3.10/site-packages/pymysql/cursors.py", line 322, in _query
    conn.query(q)
  File "/root/venv/lib/python3.10/site-packages/pymysql/connections.py", line 558, in query
    self._affected_rows = self._read_query_result(unbuffered=unbuffered)
  File "/root/venv/lib/python3.10/site-packages/pymysql/connections.py", line 822, in _read_query_result
    result.read()
  File "/root/venv/lib/python3.10/site-packages/pymysql/connections.py", line 1200, in read
    first_packet = self.connection._read_packet()
  File "/root/venv/lib/python3.10/site-packages/pymysql/connections.py", line 772, in _read_packet
    packet.raise_for_error()
  File "/root/venv/lib/python3.10/site-packages/pymysql/protocol.py", line 221, in raise_for_error
    err.raise_mysql_exception(self._data)
  File "/root/venv/lib/python3.10/site-packages/pymysql/err.py", line 143, in raise_mysql_exception
    raise errorclass(errno, errval)
pymysql.err.ProgrammingError: (1146, "Table 'rayvita.friend_requests' doesn't exist")

The above exception was the direct cause of the following exception:

Traceback (most recent call last):
  File "/root/venv/lib/python3.10/site-packages/flask/app.py", line 1463, in wsgi_app
    response = self.full_dispatch_request()
  File "/root/venv/lib/python3.10/site-packages/flask/app.py", line 872, in full_dispatch_request
    rv = self.handle_user_exception(e)
  File "/root/venv/lib/python3.10/site-packages/flask_cors/extension.py", line 176, in wrapped_function
    return cors_after_request(app.make_response(f(*args, **kwargs)))
  File "/root/venv/lib/python3.10/site-packages/flask/app.py", line 870, in full_dispatch_request
    rv = self.dispatch_request()
  File "/root/venv/lib/python3.10/site-packages/flask/app.py", line 855, in dispatch_request
    return self.ensure_sync(self.view_functions[rule.endpoint])(**view_args)  # type: ignore[no-any-return]
  File "/root/rayvita_api/app/routes/friend_routes.py", line 13, in send_request
    db.session.commit()
  File "/root/venv/lib/python3.10/site-packages/sqlalchemy/orm/scoping.py", line 599, in commit
    return self._proxied.commit()
  File "/root/venv/lib/python3.10/site-packages/sqlalchemy/orm/session.py", line 2032, in commit
    trans.commit(_to_root=True)
  File "<string>", line 2, in commit
  File "/root/venv/lib/python3.10/site-packages/sqlalchemy/orm/state_changes.py", line 139, in _go
    ret_value = fn(self, *arg, **kw)
  File "/root/venv/lib/python3.10/site-packages/sqlalchemy/orm/session.py", line 1313, in commit
    self._prepare_impl()
  File "<string>", line 2, in _prepare_impl
  File "/root/venv/lib/python3.10/site-packages/sqlalchemy/orm/state_changes.py", line 139, in _go
    ret_value = fn(self, *arg, **kw)
  File "/root/venv/lib/python3.10/site-packages/sqlalchemy/orm/session.py", line 1288, in _prepare_impl
    self.session.flush()
  File "/root/venv/lib/python3.10/site-packages/sqlalchemy/orm/session.py", line 4353, in flush
    self._flush(objects)
  File "/root/venv/lib/python3.10/site-packages/sqlalchemy/orm/session.py", line 4488, in _flush
    with util.safe_reraise():
  File "/root/venv/lib/python3.10/site-packages/sqlalchemy/util/langhelpers.py", line 146, in __exit__
    raise exc_value.with_traceback(exc_tb)
  File "/root/venv/lib/python3.10/site-packages/sqlalchemy/orm/session.py", line 4449, in _flush
    flush_context.execute()
  File "/root/venv/lib/python3.10/site-packages/sqlalchemy/orm/unitofwork.py", line 466, in execute
    rec.execute(self)
  File "/root/venv/lib/python3.10/site-packages/sqlalchemy/orm/unitofwork.py", line 642, in execute
    util.preloaded.orm_persistence.save_obj(
  File "/root/venv/lib/python3.10/site-packages/sqlalchemy/orm/persistence.py", line 93, in save_obj
    _emit_insert_statements(
  File "/root/venv/lib/python3.10/site-packages/sqlalchemy/orm/persistence.py", line 1233, in _emit_insert_statements
    result = connection.execute(
  File "/root/venv/lib/python3.10/site-packages/sqlalchemy/engine/base.py", line 1416, in execute
    return meth(
  File "/root/venv/lib/python3.10/site-packages/sqlalchemy/sql/elements.py", line 523, in _execute_on_connection
    return connection._execute_clauseelement(
  File "/root/venv/lib/python3.10/site-packages/sqlalchemy/engine/base.py", line 1638, in _execute_clauseelement
    ret = self._execute_context(
  File "/root/venv/lib/python3.10/site-packages/sqlalchemy/engine/base.py", line 1843, in _execute_context
    return self._exec_single_context(
  File "/root/venv/lib/python3.10/site-packages/sqlalchemy/engine/base.py", line 1983, in _exec_single_context
    self._handle_dbapi_exception(
  File "/root/venv/lib/python3.10/site-packages/sqlalchemy/engine/base.py", line 2352, in _handle_dbapi_exception
    raise sqlalchemy_exception.with_traceback(exc_info[2]) from e
  File "/root/venv/lib/python3.10/site-packages/sqlalchemy/engine/base.py", line 1964, in _exec_single_context
    self.dialect.do_execute(
  File "/root/venv/lib/python3.10/site-packages/sqlalchemy/engine/default.py", line 945, in do_execute
    cursor.execute(statement, parameters)
  File "/root/venv/lib/python3.10/site-packages/pymysql/cursors.py", line 153, in execute
    result = self._query(query)
  File "/root/venv/lib/python3.10/site-packages/pymysql/cursors.py", line 322, in _query
    conn.query(q)
  File "/root/venv/lib/python3.10/site-packages/pymysql/connections.py", line 558, in query
    self._affected_rows = self._read_query_result(unbuffered=unbuffered)
  File "/root/venv/lib/python3.10/site-packages/pymysql/connections.py", line 822, in _read_query_result
    result.read()
  File "/root/venv/lib/python3.10/site-packages/pymysql/connections.py", line 1200, in read
    first_packet = self.connection._read_packet()
  File "/root/venv/lib/python3.10/site-packages/pymysql/connections.py", line 772, in _read_packet
    packet.raise_for_error()
  File "/root/venv/lib/python3.10/site-packages/pymysql/protocol.py", line 221, in raise_for_error
    err.raise_mysql_exception(self._data)
  File "/root/venv/lib/python3.10/site-packages/pymysql/err.py", line 143, in raise_mysql_exception
    raise errorclass(errno, errval)
sqlalchemy.exc.ProgrammingError: (pymysql.err.ProgrammingError) (1146, "Table 'rayvita.friend_requests' doesn't exist")
[SQL: INSERT INTO friend_requests (from_id, to_id, sent_dt, status) VALUES (%(from_id)s, %(to_id)s, %(sent_dt)s, %(status)s)]
[parameters: {'from_id': 2, 'to_id': '1', 'sent_dt': datetime.datetime(2025, 5, 15, 12, 58, 59, 92721), 'status': 'pending'}]
(Background on this error at: https://sqlalche.me/e/20/f405)
103.36.25.6 - - [15/May/2025 20:58:59] "[35m[1mPOST /api/friend/request HTTP/1.1[0m" 500 -
103.36.25.6 - - [15/May/2025 20:58:59] "GET /api/friend/list HTTP/1.1" 200 -
103.36.25.6 - - [15/May/2025 20:59:05] "GET /api/session/user/2 HTTP/1.1" 200 -
103.36.25.6 - - [15/May/2025 20:59:09] "GET /api/rppg/session/1 HTTP/1.1" 200 -
103.36.25.6 - - [15/May/2025 20:59:14] "GET /api/rppg/session/1 HTTP/1.1" 200 -
103.36.25.6 - - [15/May/2025 20:59:21] "GET /api/twin/user/2 HTTP/1.1" 200 -
103.36.25.6 - - [15/May/2025 21:23:35] "GET /api/user/2 HTTP/1.1" 200 -
103.36.25.6 - - [15/May/2025 21:29:35] "GET /api/user/2 HTTP/1.1" 200 -
103.36.25.6 - - [15/May/2025 21:30:11] "POST /api/user/login HTTP/1.1" 200 -
103.36.25.6 - - [15/May/2025 21:30:28] "GET /api/twin/user/2 HTTP/1.1" 200 -
[2025-05-15 21:30:51,061] ERROR in app: Exception on /api/twin/add [POST]
Traceback (most recent call last):
  File "/root/venv/lib/python3.10/site-packages/sqlalchemy/engine/base.py", line 1964, in _exec_single_context
    self.dialect.do_execute(
  File "/root/venv/lib/python3.10/site-packages/sqlalchemy/engine/default.py", line 945, in do_execute
    cursor.execute(statement, parameters)
  File "/root/venv/lib/python3.10/site-packages/pymysql/cursors.py", line 153, in execute
    result = self._query(query)
  File "/root/venv/lib/python3.10/site-packages/pymysql/cursors.py", line 322, in _query
    conn.query(q)
  File "/root/venv/lib/python3.10/site-packages/pymysql/connections.py", line 558, in query
    self._affected_rows = self._read_query_result(unbuffered=unbuffered)
  File "/root/venv/lib/python3.10/site-packages/pymysql/connections.py", line 822, in _read_query_result
    result.read()
  File "/root/venv/lib/python3.10/site-packages/pymysql/connections.py", line 1200, in read
    first_packet = self.connection._read_packet()
  File "/root/venv/lib/python3.10/site-packages/pymysql/connections.py", line 772, in _read_packet
    packet.raise_for_error()
  File "/root/venv/lib/python3.10/site-packages/pymysql/protocol.py", line 221, in raise_for_error
    err.raise_mysql_exception(self._data)
  File "/root/venv/lib/python3.10/site-packages/pymysql/err.py", line 143, in raise_mysql_exception
    raise errorclass(errno, errval)
pymysql.err.DataError: (1265, "Data truncated for column 'stress_level' at row 1")

The above exception was the direct cause of the following exception:

Traceback (most recent call last):
  File "/root/venv/lib/python3.10/site-packages/flask/app.py", line 1463, in wsgi_app
    response = self.full_dispatch_request()
  File "/root/venv/lib/python3.10/site-packages/flask/app.py", line 872, in full_dispatch_request
    rv = self.handle_user_exception(e)
  File "/root/venv/lib/python3.10/site-packages/flask_cors/extension.py", line 176, in wrapped_function
    return cors_after_request(app.make_response(f(*args, **kwargs)))
  File "/root/venv/lib/python3.10/site-packages/flask/app.py", line 870, in full_dispatch_request
    rv = self.dispatch_request()
  File "/root/venv/lib/python3.10/site-packages/flask/app.py", line 855, in dispatch_request
    return self.ensure_sync(self.view_functions[rule.endpoint])(**view_args)  # type: ignore[no-any-return]
  File "/root/rayvita_api/app/routes/twin_routes.py", line 21, in add_twin
    db.session.commit()
  File "/root/venv/lib/python3.10/site-packages/sqlalchemy/orm/scoping.py", line 599, in commit
    return self._proxied.commit()
  File "/root/venv/lib/python3.10/site-packages/sqlalchemy/orm/session.py", line 2032, in commit
    trans.commit(_to_root=True)
  File "<string>", line 2, in commit
  File "/root/venv/lib/python3.10/site-packages/sqlalchemy/orm/state_changes.py", line 139, in _go
    ret_value = fn(self, *arg, **kw)
  File "/root/venv/lib/python3.10/site-packages/sqlalchemy/orm/session.py", line 1313, in commit
    self._prepare_impl()
  File "<string>", line 2, in _prepare_impl
  File "/root/venv/lib/python3.10/site-packages/sqlalchemy/orm/state_changes.py", line 139, in _go
    ret_value = fn(self, *arg, **kw)
  File "/root/venv/lib/python3.10/site-packages/sqlalchemy/orm/session.py", line 1288, in _prepare_impl
    self.session.flush()
  File "/root/venv/lib/python3.10/site-packages/sqlalchemy/orm/session.py", line 4353, in flush
    self._flush(objects)
  File "/root/venv/lib/python3.10/site-packages/sqlalchemy/orm/session.py", line 4488, in _flush
    with util.safe_reraise():
  File "/root/venv/lib/python3.10/site-packages/sqlalchemy/util/langhelpers.py", line 146, in __exit__
    raise exc_value.with_traceback(exc_tb)
  File "/root/venv/lib/python3.10/site-packages/sqlalchemy/orm/session.py", line 4449, in _flush
    flush_context.execute()
  File "/root/venv/lib/python3.10/site-packages/sqlalchemy/orm/unitofwork.py", line 466, in execute
    rec.execute(self)
  File "/root/venv/lib/python3.10/site-packages/sqlalchemy/orm/unitofwork.py", line 642, in execute
    util.preloaded.orm_persistence.save_obj(
  File "/root/venv/lib/python3.10/site-packages/sqlalchemy/orm/persistence.py", line 93, in save_obj
    _emit_insert_statements(
  File "/root/venv/lib/python3.10/site-packages/sqlalchemy/orm/persistence.py", line 1233, in _emit_insert_statements
    result = connection.execute(
  File "/root/venv/lib/python3.10/site-packages/sqlalchemy/engine/base.py", line 1416, in execute
    return meth(
  File "/root/venv/lib/python3.10/site-packages/sqlalchemy/sql/elements.py", line 523, in _execute_on_connection
    return connection._execute_clauseelement(
  File "/root/venv/lib/python3.10/site-packages/sqlalchemy/engine/base.py", line 1638, in _execute_clauseelement
    ret = self._execute_context(
  File "/root/venv/lib/python3.10/site-packages/sqlalchemy/engine/base.py", line 1843, in _execute_context
    return self._exec_single_context(
  File "/root/venv/lib/python3.10/site-packages/sqlalchemy/engine/base.py", line 1983, in _exec_single_context
    self._handle_dbapi_exception(
  File "/root/venv/lib/python3.10/site-packages/sqlalchemy/engine/base.py", line 2352, in _handle_dbapi_exception
    raise sqlalchemy_exception.with_traceback(exc_info[2]) from e
  File "/root/venv/lib/python3.10/site-packages/sqlalchemy/engine/base.py", line 1964, in _exec_single_context
    self.dialect.do_execute(
  File "/root/venv/lib/python3.10/site-packages/sqlalchemy/engine/default.py", line 945, in do_execute
    cursor.execute(statement, parameters)
  File "/root/venv/lib/python3.10/site-packages/pymysql/cursors.py", line 153, in execute
    result = self._query(query)
  File "/root/venv/lib/python3.10/site-packages/pymysql/cursors.py", line 322, in _query
    conn.query(q)
  File "/root/venv/lib/python3.10/site-packages/pymysql/connections.py", line 558, in query
    self._affected_rows = self._read_query_result(unbuffered=unbuffered)
  File "/root/venv/lib/python3.10/site-packages/pymysql/connections.py", line 822, in _read_query_result
    result.read()
  File "/root/venv/lib/python3.10/site-packages/pymysql/connections.py", line 1200, in read
    first_packet = self.connection._read_packet()
  File "/root/venv/lib/python3.10/site-packages/pymysql/connections.py", line 772, in _read_packet
    packet.raise_for_error()
  File "/root/venv/lib/python3.10/site-packages/pymysql/protocol.py", line 221, in raise_for_error
    err.raise_mysql_exception(self._data)
  File "/root/venv/lib/python3.10/site-packages/pymysql/err.py", line 143, in raise_mysql_exception
    raise errorclass(errno, errval)
sqlalchemy.exc.DataError: (pymysql.err.DataError) (1265, "Data truncated for column 'stress_level' at row 1")
[SQL: INSERT INTO health_twin (user_id, snapshot_dt, avg_hr, avg_hrv, stress_level, sleep_quality, model_version, tips_text) VALUES (%(user_id)s, %(snapshot_dt)s, %(avg_hr)s, %(avg_hrv)s, %(stress_level)s, %(sleep_quality)s, %(model_version)s, %(tips_text)s)]
[parameters: {'user_id': 2, 'snapshot_dt': datetime.datetime(2025, 5, 15, 13, 30, 51, 59623), 'avg_hr': '105', 'avg_hrv': '56.3', 'stress_level': '44', 'sleep_quality': 'bad', 'model_version': 'v1.0', 'tips_text': 'ËØ∑Êó©Áù°Ëßâ'}]
(Background on this error at: https://sqlalche.me/e/20/9h9h)
103.36.25.6 - - [15/May/2025 21:30:51] "[35m[1mPOST /api/twin/add HTTP/1.1[0m" 500 -
103.36.25.6 - - [15/May/2025 21:30:51] "GET /api/twin/user/2 HTTP/1.1" 200 -
103.36.25.6 - - [15/May/2025 21:30:55] "GET /api/twin/user/2 HTTP/1.1" 200 -
103.36.25.6 - - [15/May/2025 21:31:02] "GET /api/twin/user/2 HTTP/1.1" 200 -
103.36.25.6 - - [15/May/2025 21:31:29] "GET /api/session/user/2 HTTP/1.1" 200 -
103.36.25.6 - - [15/May/2025 21:31:36] "GET /api/rppg/session/1 HTTP/1.1" 200 -
103.36.25.6 - - [15/May/2025 21:31:51] "POST /api/rppg/add HTTP/1.1" 200 -
103.36.25.6 - - [15/May/2025 21:31:52] "GET /api/rppg/session/1 HTTP/1.1" 200 -
103.36.25.6 - - [15/May/2025 21:33:27] "GET /api/friend/list HTTP/1.1" 200 -
103.36.25.6 - - [15/May/2025 21:33:43] "[33mGET /api/user/1. HTTP/1.1[0m" 404 -
103.36.25.6 - - [15/May/2025 21:33:44] "GET /api/user/1 HTTP/1.1" 200 -
103.36.25.6 - - [15/May/2025 21:33:46] "GET /api/user/1 HTTP/1.1" 200 -
103.36.25.6 - - [15/May/2025 21:33:46] "[33mGET /api/user/1. HTTP/1.1[0m" 404 -
103.36.25.6 - - [15/May/2025 21:33:49] "GET /api/user/1 HTTP/1.1" 200 -
193.24.123.69 - - [15/May/2025 21:34:38] "[33mGET / HTTP/1.0[0m" 404 -
193.24.123.69 - - [15/May/2025 21:35:13] "[33mGET /v2/_catalog HTTP/1.1[0m" 404 -
193.24.123.69 - - [15/May/2025 21:35:40] code 400, message Bad request version ('g-k')
193.24.123.69 - - [15/May/2025 21:35:40] "[35m[1m\x16\x03\x01\x05¬®\x01\x00\x05¬§\x03\x03\x85s\x0d)K√á\x96√ó+87k¬ß√í@¬±a√§¬ß¬∞\x1e\x8e\x02l:√≥G√•!\x07\x0d\x89 ¬£\x1dg-k[0m" HTTPStatus.BAD_REQUEST -
193.24.123.69 - - [15/May/2025 21:35:41] code 400, message Bad HTTP/0.9 request type ('\x16\x03\x01\x05¬®\x01\x00\x05¬§\x03\x03\x81-√†+√±')
193.24.123.69 - - [15/May/2025 21:35:41] "[35m[1m\x16\x03\x01\x05¬®\x01\x00\x05¬§\x03\x03\x81-√†+√±\x1f\x18[0m" HTTPStatus.BAD_REQUEST -
193.24.123.69 - - [15/May/2025 21:35:42] "[33mGET /v2/_catalog HTTP/1.1[0m" 404 -
193.24.123.69 - - [15/May/2025 21:35:42] code 400, message Bad request version ('√Ä\x13√Ä')
193.24.123.69 - - [15/May/2025 21:35:42] "[35m[1m\x16\x03\x01\x05¬®\x01\x00\x05¬§\x03\x03√´8\x01√É/\x08√∂√ª/√π\x90^\x03\x15\x9dm√¶=\x0e\x05@\x1c√Ø√∑√Ä2√á@\x0e¬≥\x95√™ qe\x16\x07√áR√øI√Ω¬±√π/\x1a*OB√µ¬Ω√ÖG\x09\x8b\x00√∏\x8f\x8e\x13\x17√∂\x90\x9d√ñ\x00\x1a√Ä+√Ä/√Ä,√Ä0√å¬©√å¬®√Ä\x09√Ä\x13√Ä[0m" HTTPStatus.BAD_REQUEST -
193.24.123.69 - - [15/May/2025 21:35:44] "[33mGET /aab9 HTTP/1.1[0m" 404 -
103.36.25.6 - - [15/May/2025 21:37:32] "OPTIONS /api/user/login HTTP/1.1" 200 -
103.36.25.6 - - [15/May/2025 21:37:33] "POST /api/user/login HTTP/1.1" 200 -
103.36.25.6 - - [15/May/2025 21:37:35] "POST /api/user/login HTTP/1.1" 200 -
103.36.25.6 - - [15/May/2025 21:37:37] "POST /api/user/login HTTP/1.1" 200 -
103.36.25.6 - - [15/May/2025 21:37:37] "POST /api/user/login HTTP/1.1" 200 -
103.36.25.6 - - [15/May/2025 21:37:57] "OPTIONS /api/friend/request HTTP/1.1" 200 -
[2025-05-15 21:37:58,120] ERROR in app: Exception on /api/friend/request [POST]
Traceback (most recent call last):
  File "/root/venv/lib/python3.10/site-packages/sqlalchemy/engine/base.py", line 1964, in _exec_single_context
    self.dialect.do_execute(
  File "/root/venv/lib/python3.10/site-packages/sqlalchemy/engine/default.py", line 945, in do_execute
    cursor.execute(statement, parameters)
  File "/root/venv/lib/python3.10/site-packages/pymysql/cursors.py", line 153, in execute
    result = self._query(query)
  File "/root/venv/lib/python3.10/site-packages/pymysql/cursors.py", line 322, in _query
    conn.query(q)
  File "/root/venv/lib/python3.10/site-packages/pymysql/connections.py", line 558, in query
    self._affected_rows = self._read_query_result(unbuffered=unbuffered)
  File "/root/venv/lib/python3.10/site-packages/pymysql/connections.py", line 822, in _read_query_result
    result.read()
  File "/root/venv/lib/python3.10/site-packages/pymysql/connections.py", line 1200, in read
    first_packet = self.connection._read_packet()
  File "/root/venv/lib/python3.10/site-packages/pymysql/connections.py", line 772, in _read_packet
    packet.raise_for_error()
  File "/root/venv/lib/python3.10/site-packages/pymysql/protocol.py", line 221, in raise_for_error
    err.raise_mysql_exception(self._data)
  File "/root/venv/lib/python3.10/site-packages/pymysql/err.py", line 143, in raise_mysql_exception
    raise errorclass(errno, errval)
pymysql.err.ProgrammingError: (1146, "Table 'rayvita.friend_requests' doesn't exist")

The above exception was the direct cause of the following exception:

Traceback (most recent call last):
  File "/root/venv/lib/python3.10/site-packages/flask/app.py", line 1463, in wsgi_app
    response = self.full_dispatch_request()
  File "/root/venv/lib/python3.10/site-packages/flask/app.py", line 872, in full_dispatch_request
    rv = self.handle_user_exception(e)
  File "/root/venv/lib/python3.10/site-packages/flask_cors/extension.py", line 176, in wrapped_function
    return cors_after_request(app.make_response(f(*args, **kwargs)))
  File "/root/venv/lib/python3.10/site-packages/flask/app.py", line 870, in full_dispatch_request
    rv = self.dispatch_request()
  File "/root/venv/lib/python3.10/site-packages/flask/app.py", line 855, in dispatch_request
    return self.ensure_sync(self.view_functions[rule.endpoint])(**view_args)  # type: ignore[no-any-return]
  File "/root/rayvita_api/app/routes/friend_routes.py", line 13, in send_request
    db.session.commit()
  File "/root/venv/lib/python3.10/site-packages/sqlalchemy/orm/scoping.py", line 599, in commit
    return self._proxied.commit()
  File "/root/venv/lib/python3.10/site-packages/sqlalchemy/orm/session.py", line 2032, in commit
    trans.commit(_to_root=True)
  File "<string>", line 2, in commit
  File "/root/venv/lib/python3.10/site-packages/sqlalchemy/orm/state_changes.py", line 139, in _go
    ret_value = fn(self, *arg, **kw)
  File "/root/venv/lib/python3.10/site-packages/sqlalchemy/orm/session.py", line 1313, in commit
    self._prepare_impl()
  File "<string>", line 2, in _prepare_impl
  File "/root/venv/lib/python3.10/site-packages/sqlalchemy/orm/state_changes.py", line 139, in _go
    ret_value = fn(self, *arg, **kw)
  File "/root/venv/lib/python3.10/site-packages/sqlalchemy/orm/session.py", line 1288, in _prepare_impl
    self.session.flush()
  File "/root/venv/lib/python3.10/site-packages/sqlalchemy/orm/session.py", line 4353, in flush
    self._flush(objects)
  File "/root/venv/lib/python3.10/site-packages/sqlalchemy/orm/session.py", line 4488, in _flush
    with util.safe_reraise():
  File "/root/venv/lib/python3.10/site-packages/sqlalchemy/util/langhelpers.py", line 146, in __exit__
    raise exc_value.with_traceback(exc_tb)
  File "/root/venv/lib/python3.10/site-packages/sqlalchemy/orm/session.py", line 4449, in _flush
    flush_context.execute()
  File "/root/venv/lib/python3.10/site-packages/sqlalchemy/orm/unitofwork.py", line 466, in execute
    rec.execute(self)
  File "/root/venv/lib/python3.10/site-packages/sqlalchemy/orm/unitofwork.py", line 642, in execute
    util.preloaded.orm_persistence.save_obj(
  File "/root/venv/lib/python3.10/site-packages/sqlalchemy/orm/persistence.py", line 93, in save_obj
    _emit_insert_statements(
  File "/root/venv/lib/python3.10/site-packages/sqlalchemy/orm/persistence.py", line 1233, in _emit_insert_statements
    result = connection.execute(
  File "/root/venv/lib/python3.10/site-packages/sqlalchemy/engine/base.py", line 1416, in execute
    return meth(
  File "/root/venv/lib/python3.10/site-packages/sqlalchemy/sql/elements.py", line 523, in _execute_on_connection
    return connection._execute_clauseelement(
  File "/root/venv/lib/python3.10/site-packages/sqlalchemy/engine/base.py", line 1638, in _execute_clauseelement
    ret = self._execute_context(
  File "/root/venv/lib/python3.10/site-packages/sqlalchemy/engine/base.py", line 1843, in _execute_context
    return self._exec_single_context(
  File "/root/venv/lib/python3.10/site-packages/sqlalchemy/engine/base.py", line 1983, in _exec_single_context
    self._handle_dbapi_exception(
  File "/root/venv/lib/python3.10/site-packages/sqlalchemy/engine/base.py", line 2352, in _handle_dbapi_exception
    raise sqlalchemy_exception.with_traceback(exc_info[2]) from e
  File "/root/venv/lib/python3.10/site-packages/sqlalchemy/engine/base.py", line 1964, in _exec_single_context
    self.dialect.do_execute(
  File "/root/venv/lib/python3.10/site-packages/sqlalchemy/engine/default.py", line 945, in do_execute
    cursor.execute(statement, parameters)
  File "/root/venv/lib/python3.10/site-packages/pymysql/cursors.py", line 153, in execute
    result = self._query(query)
  File "/root/venv/lib/python3.10/site-packages/pymysql/cursors.py", line 322, in _query
    conn.query(q)
  File "/root/venv/lib/python3.10/site-packages/pymysql/connections.py", line 558, in query
    self._affected_rows = self._read_query_result(unbuffered=unbuffered)
  File "/root/venv/lib/python3.10/site-packages/pymysql/connections.py", line 822, in _read_query_result
    result.read()
  File "/root/venv/lib/python3.10/site-packages/pymysql/connections.py", line 1200, in read
    first_packet = self.connection._read_packet()
  File "/root/venv/lib/python3.10/site-packages/pymysql/connections.py", line 772, in _read_packet
    packet.raise_for_error()
  File "/root/venv/lib/python3.10/site-packages/pymysql/protocol.py", line 221, in raise_for_error
    err.raise_mysql_exception(self._data)
  File "/root/venv/lib/python3.10/site-packages/pymysql/err.py", line 143, in raise_mysql_exception
    raise errorclass(errno, errval)
sqlalchemy.exc.ProgrammingError: (pymysql.err.ProgrammingError) (1146, "Table 'rayvita.friend_requests' doesn't exist")
[SQL: INSERT INTO friend_requests (from_id, to_id, sent_dt, status) VALUES (%(from_id)s, %(to_id)s, %(sent_dt)s, %(status)s)]
[parameters: {'from_id': None, 'to_id': 1, 'sent_dt': datetime.datetime(2025, 5, 15, 13, 37, 58, 119526), 'status': 'pending'}]
(Background on this error at: https://sqlalche.me/e/20/f405)
103.36.25.6 - - [15/May/2025 21:37:58] "[35m[1mPOST /api/friend/request HTTP/1.1[0m" 500 -
[2025-05-15 21:37:58,159] ERROR in app: Exception on /api/friend/request [POST]
Traceback (most recent call last):
  File "/root/venv/lib/python3.10/site-packages/sqlalchemy/engine/base.py", line 1964, in _exec_single_context
    self.dialect.do_execute(
  File "/root/venv/lib/python3.10/site-packages/sqlalchemy/engine/default.py", line 945, in do_execute
    cursor.execute(statement, parameters)
  File "/root/venv/lib/python3.10/site-packages/pymysql/cursors.py", line 153, in execute
    result = self._query(query)
  File "/root/venv/lib/python3.10/site-packages/pymysql/cursors.py", line 322, in _query
    conn.query(q)
  File "/root/venv/lib/python3.10/site-packages/pymysql/connections.py", line 558, in query
    self._affected_rows = self._read_query_result(unbuffered=unbuffered)
  File "/root/venv/lib/python3.10/site-packages/pymysql/connections.py", line 822, in _read_query_result
    result.read()
  File "/root/venv/lib/python3.10/site-packages/pymysql/connections.py", line 1200, in read
    first_packet = self.connection._read_packet()
  File "/root/venv/lib/python3.10/site-packages/pymysql/connections.py", line 772, in _read_packet
    packet.raise_for_error()
  File "/root/venv/lib/python3.10/site-packages/pymysql/protocol.py", line 221, in raise_for_error
    err.raise_mysql_exception(self._data)
  File "/root/venv/lib/python3.10/site-packages/pymysql/err.py", line 143, in raise_mysql_exception
    raise errorclass(errno, errval)
pymysql.err.ProgrammingError: (1146, "Table 'rayvita.friend_requests' doesn't exist")

The above exception was the direct cause of the following exception:

Traceback (most recent call last):
  File "/root/venv/lib/python3.10/site-packages/flask/app.py", line 1463, in wsgi_app
    response = self.full_dispatch_request()
  File "/root/venv/lib/python3.10/site-packages/flask/app.py", line 872, in full_dispatch_request
    rv = self.handle_user_exception(e)
  File "/root/venv/lib/python3.10/site-packages/flask_cors/extension.py", line 176, in wrapped_function
    return cors_after_request(app.make_response(f(*args, **kwargs)))
  File "/root/venv/lib/python3.10/site-packages/flask/app.py", line 870, in full_dispatch_request
    rv = self.dispatch_request()
  File "/root/venv/lib/python3.10/site-packages/flask/app.py", line 855, in dispatch_request
    return self.ensure_sync(self.view_functions[rule.endpoint])(**view_args)  # type: ignore[no-any-return]
  File "/root/rayvita_api/app/routes/friend_routes.py", line 13, in send_request
    db.session.commit()
  File "/root/venv/lib/python3.10/site-packages/sqlalchemy/orm/scoping.py", line 599, in commit
    return self._proxied.commit()
  File "/root/venv/lib/python3.10/site-packages/sqlalchemy/orm/session.py", line 2032, in commit
    trans.commit(_to_root=True)
  File "<string>", line 2, in commit
  File "/root/venv/lib/python3.10/site-packages/sqlalchemy/orm/state_changes.py", line 139, in _go
    ret_value = fn(self, *arg, **kw)
  File "/root/venv/lib/python3.10/site-packages/sqlalchemy/orm/session.py", line 1313, in commit
    self._prepare_impl()
  File "<string>", line 2, in _prepare_impl
  File "/root/venv/lib/python3.10/site-packages/sqlalchemy/orm/state_changes.py", line 139, in _go
    ret_value = fn(self, *arg, **kw)
  File "/root/venv/lib/python3.10/site-packages/sqlalchemy/orm/session.py", line 1288, in _prepare_impl
    self.session.flush()
  File "/root/venv/lib/python3.10/site-packages/sqlalchemy/orm/session.py", line 4353, in flush
    self._flush(objects)
  File "/root/venv/lib/python3.10/site-packages/sqlalchemy/orm/session.py", line 4488, in _flush
    with util.safe_reraise():
  File "/root/venv/lib/python3.10/site-packages/sqlalchemy/util/langhelpers.py", line 146, in __exit__
    raise exc_value.with_traceback(exc_tb)
  File "/root/venv/lib/python3.10/site-packages/sqlalchemy/orm/session.py", line 4449, in _flush
    flush_context.execute()
  File "/root/venv/lib/python3.10/site-packages/sqlalchemy/orm/unitofwork.py", line 466, in execute
    rec.execute(self)
  File "/root/venv/lib/python3.10/site-packages/sqlalchemy/orm/unitofwork.py", line 642, in execute
    util.preloaded.orm_persistence.save_obj(
  File "/root/venv/lib/python3.10/site-packages/sqlalchemy/orm/persistence.py", line 93, in save_obj
    _emit_insert_statements(
  File "/root/venv/lib/python3.10/site-packages/sqlalchemy/orm/persistence.py", line 1233, in _emit_insert_statements
    result = connection.execute(
  File "/root/venv/lib/python3.10/site-packages/sqlalchemy/engine/base.py", line 1416, in execute
    return meth(
  File "/root/venv/lib/python3.10/site-packages/sqlalchemy/sql/elements.py", line 523, in _execute_on_connection
    return connection._execute_clauseelement(
  File "/root/venv/lib/python3.10/site-packages/sqlalchemy/engine/base.py", line 1638, in _execute_clauseelement
    ret = self._execute_context(
  File "/root/venv/lib/python3.10/site-packages/sqlalchemy/engine/base.py", line 1843, in _execute_context
    return self._exec_single_context(
  File "/root/venv/lib/python3.10/site-packages/sqlalchemy/engine/base.py", line 1983, in _exec_single_context
    self._handle_dbapi_exception(
  File "/root/venv/lib/python3.10/site-packages/sqlalchemy/engine/base.py", line 2352, in _handle_dbapi_exception
    raise sqlalchemy_exception.with_traceback(exc_info[2]) from e
  File "/root/venv/lib/python3.10/site-packages/sqlalchemy/engine/base.py", line 1964, in _exec_single_context
    self.dialect.do_execute(
  File "/root/venv/lib/python3.10/site-packages/sqlalchemy/engine/default.py", line 945, in do_execute
    cursor.execute(statement, parameters)
  File "/root/venv/lib/python3.10/site-packages/pymysql/cursors.py", line 153, in execute
    result = self._query(query)
  File "/root/venv/lib/python3.10/site-packages/pymysql/cursors.py", line 322, in _query
    conn.query(q)
  File "/root/venv/lib/python3.10/site-packages/pymysql/connections.py", line 558, in query
    self._affected_rows = self._read_query_result(unbuffered=unbuffered)
  File "/root/venv/lib/python3.10/site-packages/pymysql/connections.py", line 822, in _read_query_result
    result.read()
  File "/root/venv/lib/python3.10/site-packages/pymysql/connections.py", line 1200, in read
    first_packet = self.connection._read_packet()
  File "/root/venv/lib/python3.10/site-packages/pymysql/connections.py", line 772, in _read_packet
    packet.raise_for_error()
  File "/root/venv/lib/python3.10/site-packages/pymysql/protocol.py", line 221, in raise_for_error
    err.raise_mysql_exception(self._data)
  File "/root/venv/lib/python3.10/site-packages/pymysql/err.py", line 143, in raise_mysql_exception
    raise errorclass(errno, errval)
sqlalchemy.exc.ProgrammingError: (pymysql.err.ProgrammingError) (1146, "Table 'rayvita.friend_requests' doesn't exist")
[SQL: INSERT INTO friend_requests (from_id, to_id, sent_dt, status) VALUES (%(from_id)s, %(to_id)s, %(sent_dt)s, %(status)s)]
[parameters: {'from_id': None, 'to_id': 1, 'sent_dt': datetime.datetime(2025, 5, 15, 13, 37, 58, 157388), 'status': 'pending'}]
(Background on this error at: https://sqlalche.me/e/20/f405)
103.36.25.6 - - [15/May/2025 21:37:58] "[35m[1mPOST /api/friend/request HTTP/1.1[0m" 500 -
103.36.25.6 - - [15/May/2025 21:43:24] "GET /api/user/1 HTTP/1.1" 200 -
103.36.25.6 - - [15/May/2025 21:43:26] "GET /api/user/3 HTTP/1.1" 200 -
103.36.25.6 - - [15/May/2025 22:19:32] "GET /api/user/3 HTTP/1.1" 200 -
103.36.25.6 - - [15/May/2025 22:20:41] "GET /api/friend/list?user_id=2 HTTP/1.1" 200 -
103.36.25.6 - - [15/May/2025 22:43:14] "GET /api/friend/list?user_id=1. HTTP/1.1" 200 -
103.36.25.6 - - [15/May/2025 22:43:17] "GET /api/friend/list?user_id=1 HTTP/1.1" 200 -
103.36.25.6 - - [15/May/2025 22:43:23] "GET /api/friend/list?user_id=1 HTTP/1.1" 200 -
103.36.25.6 - - [15/May/2025 22:43:33] "GET /api/user/2 HTTP/1.1" 200 -
103.36.25.6 - - [15/May/2025 22:43:37] "GET /api/user/1 HTTP/1.1" 200 -
103.36.25.6 - - [15/May/2025 22:43:47] "OPTIONS /api/user/login HTTP/1.1" 200 -
103.36.25.6 - - [15/May/2025 22:43:48] "[31m[1mPOST /api/user/login HTTP/1.1[0m" 401 -
103.36.25.6 - - [15/May/2025 22:43:50] "[31m[1mPOST /api/user/login HTTP/1.1[0m" 401 -
103.36.25.6 - - [15/May/2025 22:43:51] "[31m[1mPOST /api/user/login HTTP/1.1[0m" 401 -
103.36.25.6 - - [15/May/2025 22:43:52] "[31m[1mPOST /api/user/login HTTP/1.1[0m" 401 -
59.82.21.95 - - [15/May/2025 23:48:33] "[33mGET / HTTP/1.1[0m" 404 -
59.82.21.17 - - [16/May/2025 00:57:26] "[33mGET / HTTP/1.1[0m" 404 -
45.79.207.129 - - [16/May/2025 01:02:41] code 400, message Bad request version ('√Ä\x14√Ä')
45.79.207.129 - - [16/May/2025 01:02:41] "[35m[1m\x16\x03\x01\x00u\x01\x00\x00q\x03\x03\x8ebZg√¶¬†\x1a\x09¬£¬≤√°√ã¬≠√≠7√ãv\x00¬Ø\x8a\x0d√¨8√Ä√¥\x1c√©√ép\x8c:Z\x00\x00\x1a√Ä/√Ä+√Ä\x11√Ä\x07√Ä\x13√Ä\x09√Ä\x14√Ä[0m" HTTPStatus.BAD_REQUEST -
205.210.31.129 - - [16/May/2025 02:32:40] "[33mGET / HTTP/1.1[0m" 404 -
198.235.24.193 - - [16/May/2025 04:40:14] "[33mGET / HTTP/1.0[0m" 404 -
147.185.133.161 - - [16/May/2025 07:14:11] code 400, message Bad request version ('√Ä\x13√Ä')
147.185.133.161 - - [16/May/2025 07:14:11] "[35m[1m\x16\x03\x01\x00√Æ\x01\x00\x00√™\x03\x03√®\x9f,¬§\x86¬¥√∫√ê8\x1c√•\x0fk¬™"¬≥¬£\x9d{P¬µ\x8b√ê\x032√à¬∑)\x1cG√â\x80 ln¬º√í√µ¬πs¬∏p\x07\x13√†</√£u\x98V√ê¬¨\x04Kh√ôl?¬¨yk√í&\x8b\x00&√Ä+√Ä/√Ä,√Ä0√å¬©√å¬®√Ä\x09√Ä\x13√Ä[0m" HTTPStatus.BAD_REQUEST -
147.185.133.161 - - [16/May/2025 07:14:11] code 400, message Bad request version ('√Ä(√Ä$√Ä\x14√Ä')
147.185.133.161 - - [16/May/2025 07:14:11] "[35m[1m\x16\x03\x01\x00√ä\x01\x00\x00√Ü\x03\x03Y√®¬Ω√¨\x8e[¬∏√ë\x15E√Çv¬ø@ √§c√õ¬¨√°p\x82#\x89ui\x8f√Ö√∂√æ√Ω√à\x00\x00h√å\x14√å\x13√Ä/√Ä+√Ä0√Ä,√Ä\x11√Ä\x07√Ä'√Ä#√Ä\x13√Ä\x09√Ä(√Ä$√Ä\x14√Ä[0m" HTTPStatus.BAD_REQUEST -
64.62.197.157 - - [16/May/2025 09:15:36] "[33mGET / HTTP/1.1[0m" 404 -
64.62.197.159 - - [16/May/2025 09:15:52] "[33mGET /favicon.ico HTTP/1.1[0m" 404 -
103.36.25.6 - - [16/May/2025 09:44:27] "GET /api/user/2 HTTP/1.1" 200 -
103.36.25.6 - - [16/May/2025 09:44:29] "[33mGET /favicon.ico HTTP/1.1[0m" 404 -
192.155.90.118 - - [16/May/2025 09:59:34] code 400, message Bad request version ('√Ä\x14√Ä')
192.155.90.118 - - [16/May/2025 09:59:34] "[35m[1m\x16\x03\x01\x00{\x01\x00\x00w\x03\x035\x99\x97¬¢√ù\x83√Æ"√£|√°\x99%\x93HUN√Å_√á\x7f!\x170√û77\x83¬™^\x1f√®\x00\x00\x1a√Ä/√Ä+√Ä\x11√Ä\x07√Ä\x13√Ä\x09√Ä\x14√Ä[0m" HTTPStatus.BAD_REQUEST -
194.0.234.34 - - [16/May/2025 10:34:39] code 400, message Bad HTTP/0.9 request type ('\x03\x00\x00/*√†\x00\x00\x00\x00\x00Cookie:')
194.0.234.34 - - [16/May/2025 10:34:39] "[35m[1m\x03\x00\x00/*√†\x00\x00\x00\x00\x00Cookie: mstshash=Administr[0m" HTTPStatus.BAD_REQUEST -
198.235.24.211 - - [16/May/2025 10:42:01] "[33mGET / HTTP/1.1[0m" 404 -
194.0.234.34 - - [16/May/2025 11:18:19] code 400, message Bad HTTP/0.9 request type ('\x03\x00\x00/*√†\x00\x00\x00\x00\x00Cookie:')
194.0.234.34 - - [16/May/2025 11:18:19] "[35m[1m\x03\x00\x00/*√†\x00\x00\x00\x00\x00Cookie: mstshash=Administr[0m" HTTPStatus.BAD_REQUEST -
205.210.31.146 - - [16/May/2025 15:49:29] "[33mGET / HTTP/1.0[0m" 404 -
103.36.25.6 - - [16/May/2025 15:55:57] "GET /api/user/2 HTTP/1.1" 200 -
103.36.25.6 - - [16/May/2025 15:55:58] "[33mGET /favicon.ico HTTP/1.1[0m" 404 -
103.36.25.6 - - [16/May/2025 16:30:24] "POST /api/user/login HTTP/1.1" 200 -
103.36.25.6 - - [16/May/2025 16:30:46] "POST /api/user/login HTTP/1.1" 200 -
103.36.25.6 - - [16/May/2025 16:34:13] "POST /api/user/login HTTP/1.1" 200 -
103.36.25.6 - - [16/May/2025 16:34:16] "POST /api/user/login HTTP/1.1" 200 -
103.36.25.6 - - [16/May/2025 16:34:16] "POST /api/user/login HTTP/1.1" 200 -
103.36.25.6 - - [16/May/2025 16:34:17] "POST /api/user/login HTTP/1.1" 200 -
103.36.25.6 - - [16/May/2025 16:42:14] "POST /api/user/login HTTP/1.1" 200 -
103.36.25.6 - - [16/May/2025 16:44:13] "POST /api/user/login HTTP/1.1" 200 -
103.36.25.6 - - [16/May/2025 16:44:13] "GET /api/user/2 HTTP/1.1" 200 -
103.36.25.6 - - [16/May/2025 16:44:25] "POST /api/user/login HTTP/1.1" 200 -
103.36.25.6 - - [16/May/2025 16:44:26] "GET /api/user/2 HTTP/1.1" 200 -
147.185.133.185 - - [16/May/2025 16:55:56] code 400, message Bad request version ('\x8dE√∏¬®¬≥\x99\x9e\x94"OB')
147.185.133.185 - - [16/May/2025 16:55:56] "[35m[1m\x16\x03\x01\x00√Æ\x01\x00\x00√™\x03\x03¬≠√ü¬Ø√Ç&¬≠\x1a\x09h√ò\x8b7PaAkm¬∏~√´>T|\x1d\x85znpv√Ö\x91J U√á\x01¬¶O\x85\x8dE√∏¬®¬≥\x99\x9e\x94"OB[0m" HTTPStatus.BAD_REQUEST -
103.36.25.6 - - [16/May/2025 17:19:45] "[33mGET /api/user/43 HTTP/1.1[0m" 404 -
103.36.25.6 - - [16/May/2025 17:19:48] "GET /api/user/5 HTTP/1.1" 200 -
18.220.154.78 - - [16/May/2025 17:23:10] "[33mGET / HTTP/1.1[0m" 404 -
103.36.25.6 - - [16/May/2025 17:23:15] "POST /api/user/register HTTP/1.1" 200 -
103.36.25.6 - - [16/May/2025 17:23:49] "[31m[1mPOST /api/user/register HTTP/1.1[0m" 400 -
103.36.25.6 - - [16/May/2025 17:24:15] "[31m[1mPOST /api/user/register HTTP/1.1[0m" 400 -
103.36.25.6 - - [16/May/2025 17:24:44] "POST /api/user/login HTTP/1.1" 200 -
103.36.25.6 - - [16/May/2025 17:24:45] "GET /api/user/6 HTTP/1.1" 200 -
18.220.154.78 - - [16/May/2025 17:30:44] code 400, message Bad request syntax ('SSH-2.0-Go')
18.220.154.78 - - [16/May/2025 17:30:44] "[35m[1mSSH-2.0-Go[0m" HTTPStatus.BAD_REQUEST -
167.94.138.50 - - [17/May/2025 01:42:54] code 400, message Bad request version ('√Ä\x14√Ä')
167.94.138.50 - - [17/May/2025 01:42:54] "[35m[1m\x16\x03\x01\x00√Æ\x01\x00\x00√™\x03\x03\x7f\x963√û√Äm√ív¬Ø)\x93M√è√ù¬¥J&√¨√Çr3√è\x857%\x91\\\x96:√ôk[ N)#wt√öU√ö&vo\x04\x16L√™√ùt\x83¬æA¬æ\x9c√Ω\x80¬Æ\\\x13?\x86*T√Æ\x00&√å¬®√å¬©√Ä/√Ä0√Ä+√Ä,√Ä\x13√Ä\x09√Ä\x14√Ä[0m" HTTPStatus.BAD_REQUEST -
167.94.138.50 - - [17/May/2025 01:42:58] "[33mGET / HTTP/1.1[0m" 404 -
167.94.138.50 - - [17/May/2025 01:43:12] "[33mGET / HTTP/1.1[0m" 404 -
167.94.138.50 - - [17/May/2025 01:43:14] code 505, message Invalid HTTP version (2.0)
167.94.138.50 - - [17/May/2025 01:43:14] "[35m[1mPRI * HTTP/2.0[0m" HTTPStatus.HTTP_VERSION_NOT_SUPPORTED -
167.94.138.50 - - [17/May/2025 01:43:25] "[33mGET /favicon.ico HTTP/1.1[0m" 404 -
167.94.138.50 - - [17/May/2025 01:43:26] code 400, message Bad request version ('√Ä\x14√Ä')
167.94.138.50 - - [17/May/2025 01:43:26] "[35m[1m\x16\x03\x01\x00√∑\x01\x00\x00√≥\x03\x03\x0e√©√≥√π√è!√û\x83"\x8e\x07√õ<*\x08\x93√¶L√ä√†B5\x08&\x9a√≠\x96¬∏√ß&√∫¬ß ¬∑,]√ò√ö\x07√ß√Ç\x10e¬¢√∑√®zj√ä4\x94\x84W√≤\x16oxj7\x81\x1a\x0e¬∂¬°#\x00&√å¬®√å¬©√Ä/√Ä0√Ä+√Ä,√Ä\x13√Ä\x09√Ä\x14√Ä[0m" HTTPStatus.BAD_REQUEST -
198.235.24.24 - - [17/May/2025 02:23:33] "[33mGET / HTTP/1.0[0m" 404 -
31.7.62.234 - - [17/May/2025 04:33:02] code 400, message Bad HTTP/0.9 request type ('\x03\x00\x00/*√†\x00\x00\x00\x00\x00Cookie:')
31.7.62.234 - - [17/May/2025 04:33:02] "[35m[1m\x03\x00\x00/*√†\x00\x00\x00\x00\x00Cookie: mstshash=Administr[0m" HTTPStatus.BAD_REQUEST -
93.123.109.71 - - [17/May/2025 05:07:33] code 400, message Bad HTTP/0.9 request type ('\x03\x00\x00/*√†\x00\x00\x00\x00\x00Cookie:')
93.123.109.71 - - [17/May/2025 05:07:33] "[35m[1m\x03\x00\x00/*√†\x00\x00\x00\x00\x00Cookie: mstshash=Administr[0m" HTTPStatus.BAD_REQUEST -
198.235.24.137 - - [17/May/2025 05:44:29] "[33mGET / HTTP/1.1[0m" 404 -
59.82.21.177 - - [17/May/2025 06:23:25] code 400, message Bad request version ("√¶¬Ø√πK\x00\x00V√Ä,√Ä+√Ä0√Ä/\x00\x9f\x00¬£\x00\x9e\x00¬¢√Ä$√Ä(√Ä#√Ä'\x00k\x00j\x00g\x00@√Ä.√Ä2√Ä-√Ä1√Ä&√Ä*√Ä%√Ä)√Ä")
59.82.21.177 - - [17/May/2025 06:23:25] "[35m[1m\x16\x03\x03\x01\x02\x01\x00\x00√æ\x03\x03g$\x13\x8b√ª5\x12\x84√æ\x9e\x81\x04\x93¬Øs√∫√ï]#\x95\x09√º¬¢√Å\x87.a\x0d√¶¬Ø√πK\x00\x00V√Ä,√Ä+√Ä0√Ä/\x00\x9f\x00¬£\x00\x9e\x00¬¢√Ä$√Ä(√Ä#√Ä'\x00k\x00j\x00g\x00@√Ä.√Ä2√Ä-√Ä1√Ä&√Ä*√Ä%√Ä)√Ä[0m" HTTPStatus.BAD_REQUEST -
59.82.21.246 - - [17/May/2025 06:23:35] code 400, message Bad HTTP/0.9 request type ('\x16\x03\x03\x01\x02\x01\x00\x00√æ\x03\x03\x11u√™')
59.82.21.246 - - [17/May/2025 06:23:35] "[35m[1m\x16\x03\x03\x01\x02\x01\x00\x00√æ\x03\x03\x11u√™\x1c¬®√Ü[0m" HTTPStatus.BAD_REQUEST -
167.94.146.59 - - [17/May/2025 08:37:36] code 400, message Bad request version ('√å\x0e¬£df\x99-aN√≠\x0f}')
167.94.146.59 - - [17/May/2025 08:37:36] "[35m[1m\x16\x03\x01\x00√Æ\x01\x00\x00√™\x03\x03¬ª\x1d√õ¬®√ú\x01A\x135√¥\x85tw\x92[√µ{√¨\x18√ú¬≥\x8c√ßgS¬Ω√Ç2¬¥M√ë√© √å\x0e¬£df\x99-aN√≠\x0f}[0m" HTTPStatus.BAD_REQUEST -
167.94.146.59 - - [17/May/2025 08:37:40] "[33mGET / HTTP/1.1[0m" 404 -
167.94.146.59 - - [17/May/2025 08:37:43] "[33mGET / HTTP/1.1[0m" 404 -
167.94.146.59 - - [17/May/2025 08:37:44] code 505, message Invalid HTTP version (2.0)
167.94.146.59 - - [17/May/2025 08:37:44] "[35m[1mPRI * HTTP/2.0[0m" HTTPStatus.HTTP_VERSION_NOT_SUPPORTED -
167.94.146.59 - - [17/May/2025 08:38:04] code 400, message Bad request version ('√Ä\x14√Ä')
167.94.146.59 - - [17/May/2025 08:38:04] "[35m[1m\x16\x03\x01\x00√∑\x01\x00\x00√≥\x03\x03√ô¬∏<\x1a'2¬ø¬≥p¬µ¬¢ -√∏√ª¬®~\x00q√π\x9a¬≠√Ñ√ä¬¨\x99√¶\x7f\x8f¬ª\x01√è =√£¬≤\x7f√âk/X√ó\x8e√ò√Ω\x83√æ7¬∞√¨\x0dgCi√¢√é¬°~√ã¬•√å\x8c5v√í\x00&√å¬®√å¬©√Ä/√Ä0√Ä+√Ä,√Ä\x13√Ä\x09√Ä\x14√Ä[0m" HTTPStatus.BAD_REQUEST -
198.235.24.168 - - [17/May/2025 09:16:40] "[33mGET / HTTP/1.1[0m" 404 -
83.222.190.78 - - [17/May/2025 10:21:10] code 400, message Bad HTTP/0.9 request type ('\x03\x00\x00/*√†\x00\x00\x00\x00\x00Cookie:')
83.222.190.78 - - [17/May/2025 10:21:10] "[35m[1m\x03\x00\x00/*√†\x00\x00\x00\x00\x00Cookie: mstshash=Administr[0m" HTTPStatus.BAD_REQUEST -
35.203.210.31 - - [17/May/2025 10:43:07] code 400, message Bad request version ('√Ä\x13√Ä')
35.203.210.31 - - [17/May/2025 10:43:07] "[35m[1m\x16\x03\x01\x00√Æ\x01\x00\x00√™\x03\x03√£¬æ√ì√µP\x1d\x03\x00√ê\x82√µ√¶¬øtx√ø{r¬•\x130\x84R/\x18shb√§\x8e\x04√Ç s¬´¬∑#8\x1c√ÖDP√á¬§√ïas√¥√Øn\x8c\x85√∂\x0eq√∂m√∫x√ö√∑\x9e\x1e^√∞\x00&√Ä+√Ä/√Ä,√Ä0√å¬©√å¬®√Ä\x09√Ä\x13√Ä[0m" HTTPStatus.BAD_REQUEST -
35.203.210.31 - - [17/May/2025 10:43:08] code 400, message Bad request version ('√Ä(√Ä$√Ä\x14√Ä')
35.203.210.31 - - [17/May/2025 10:43:08] "[35m[1m\x16\x03\x01\x00√ä\x01\x00\x00√Ü\x03\x03t8Y\\-√ß~√∂√û4√ë&√Ñ\x1f\x9a=\x91√ó√å¬ß¬°L\x06√â<A\x17;j√ß\x8c¬°\x00\x00h√å\x14√å\x13√Ä/√Ä+√Ä0√Ä,√Ä\x11√Ä\x07√Ä'√Ä#√Ä\x13√Ä\x09√Ä(√Ä$√Ä\x14√Ä[0m" HTTPStatus.BAD_REQUEST -
178.159.37.70 - - [17/May/2025 11:38:19] code 400, message Bad HTTP/0.9 request type ('\x03\x00\x00/*√†\x00\x00\x00\x00\x00Cookie:')
178.159.37.70 - - [17/May/2025 11:38:19] "[35m[1m\x03\x00\x00/*√†\x00\x00\x00\x00\x00Cookie: mstshash=Administr[0m" HTTPStatus.BAD_REQUEST -
45.142.193.72 - - [17/May/2025 12:08:35] code 400, message Bad HTTP/0.9 request type ('\x03\x00\x00/*√†\x00\x00\x00\x00\x00Cookie:')
45.142.193.72 - - [17/May/2025 12:08:35] "[35m[1m\x03\x00\x00/*√†\x00\x00\x00\x00\x00Cookie: mstshash=Administr[0m" HTTPStatus.BAD_REQUEST -
39.99.229.105 - - [17/May/2025 14:40:05] code 400, message Bad request syntax ('00000000000000000000')
39.99.229.105 - - [17/May/2025 14:40:05] "[35m[1m00000000000000000000[0m" HTTPStatus.BAD_REQUEST -
39.99.229.105 - - [17/May/2025 14:40:05] "[33mGET / HTTP/1.0[0m" 404 -
39.99.229.105 - - [17/May/2025 14:40:05] "[33mGET / HTTP/1.1[0m" 404 -
39.99.229.105 - - [17/May/2025 14:40:05] "[33mGET /favicon.ico HTTP/1.1[0m" 404 -
39.99.233.75 - - [17/May/2025 14:41:58] code 400, message Bad request syntax ('00000000000000000000')
39.99.233.75 - - [17/May/2025 14:41:58] "[35m[1m00000000000000000000[0m" HTTPStatus.BAD_REQUEST -
39.99.233.75 - - [17/May/2025 14:41:58] "[33mGET / HTTP/1.0[0m" 404 -
39.99.233.75 - - [17/May/2025 14:41:58] "[33mGET / HTTP/1.1[0m" 404 -
39.99.233.75 - - [17/May/2025 14:41:59] "[33mGET /favicon.ico HTTP/1.1[0m" 404 -
39.99.239.183 - - [17/May/2025 14:43:18] code 400, message Bad request syntax ('00000000000000000000')
39.99.239.183 - - [17/May/2025 14:43:18] "[35m[1m00000000000000000000[0m" HTTPStatus.BAD_REQUEST -
39.99.239.183 - - [17/May/2025 14:43:18] "[33mGET / HTTP/1.0[0m" 404 -
39.99.146.226 - - [17/May/2025 14:43:38] code 400, message Bad request syntax ('00000000000000000000')
39.99.146.226 - - [17/May/2025 14:43:38] "[35m[1m00000000000000000000[0m" HTTPStatus.BAD_REQUEST -
39.99.146.226 - - [17/May/2025 14:43:38] "[33mGET / HTTP/1.0[0m" 404 -
39.99.146.226 - - [17/May/2025 14:43:38] "[33mGET / HTTP/1.1[0m" 404 -
39.99.146.226 - - [17/May/2025 14:43:38] "[33mGET /favicon.ico HTTP/1.1[0m" 404 -
39.99.237.229 - - [17/May/2025 14:44:03] code 400, message Bad request syntax ('00000000000000000000')
39.99.237.229 - - [17/May/2025 14:44:03] "[35m[1m00000000000000000000[0m" HTTPStatus.BAD_REQUEST -
39.99.237.229 - - [17/May/2025 14:44:03] "[33mGET / HTTP/1.0[0m" 404 -
39.99.237.229 - - [17/May/2025 14:44:03] "[33mGET / HTTP/1.1[0m" 404 -
39.99.237.229 - - [17/May/2025 14:44:03] "[33mGET /favicon.ico HTTP/1.1[0m" 404 -
39.99.239.77 - - [17/May/2025 14:46:17] code 400, message Bad request syntax ('00000000000000000000')
39.99.239.77 - - [17/May/2025 14:46:17] "[35m[1m00000000000000000000[0m" HTTPStatus.BAD_REQUEST -
39.99.239.77 - - [17/May/2025 14:46:17] "[33mGET / HTTP/1.0[0m" 404 -
39.99.239.77 - - [17/May/2025 14:46:17] "[33mGET / HTTP/1.1[0m" 404 -
39.99.239.77 - - [17/May/2025 14:46:18] "[33mGET /favicon.ico HTTP/1.1[0m" 404 -
39.99.229.105 - - [17/May/2025 14:47:11] code 400, message Bad request syntax ('00000000000000000000')
39.99.229.105 - - [17/May/2025 14:47:11] "[35m[1m00000000000000000000[0m" HTTPStatus.BAD_REQUEST -
39.99.229.105 - - [17/May/2025 14:47:11] "[33mGET / HTTP/1.0[0m" 404 -
39.99.229.105 - - [17/May/2025 14:47:11] "[33mGET / HTTP/1.1[0m" 404 -
39.99.229.105 - - [17/May/2025 14:47:11] "[33mGET /favicon.ico HTTP/1.1[0m" 404 -
36.41.65.20 - - [17/May/2025 14:47:26] "[33mGET / HTTP/1.1[0m" 404 -
39.99.233.75 - - [17/May/2025 14:49:44] code 400, message Bad request syntax ('00000000000000000000')
39.99.233.75 - - [17/May/2025 14:49:44] "[35m[1m00000000000000000000[0m" HTTPStatus.BAD_REQUEST -
39.99.233.75 - - [17/May/2025 14:49:44] "[33mGET / HTTP/1.0[0m" 404 -
39.99.233.75 - - [17/May/2025 14:49:44] "[33mGET / HTTP/1.1[0m" 404 -
39.99.233.75 - - [17/May/2025 14:49:44] "[33mGET /favicon.ico HTTP/1.1[0m" 404 -
39.99.237.229 - - [17/May/2025 14:53:36] code 400, message Bad request syntax ('00000000000000000000')
39.99.237.229 - - [17/May/2025 14:53:36] "[35m[1m00000000000000000000[0m" HTTPStatus.BAD_REQUEST -
39.99.237.229 - - [17/May/2025 14:53:36] "[33mGET / HTTP/1.0[0m" 404 -
39.99.237.229 - - [17/May/2025 14:53:36] "[33mGET / HTTP/1.1[0m" 404 -
39.99.237.229 - - [17/May/2025 14:53:37] "[33mGET /favicon.ico HTTP/1.1[0m" 404 -
39.99.132.191 - - [17/May/2025 14:57:04] code 400, message Bad request syntax ('00000000000000000000')
39.99.132.191 - - [17/May/2025 14:57:04] "[35m[1m00000000000000000000[0m" HTTPStatus.BAD_REQUEST -
39.99.132.191 - - [17/May/2025 14:57:04] "[33mGET / HTTP/1.0[0m" 404 -
39.99.132.191 - - [17/May/2025 14:57:04] "[33mGET / HTTP/1.1[0m" 404 -
39.99.132.191 - - [17/May/2025 14:57:04] "[33mGET /favicon.ico HTTP/1.1[0m" 404 -
39.99.241.154 - - [17/May/2025 14:58:13] code 400, message Bad request syntax ('00000000000000000000')
39.99.241.154 - - [17/May/2025 14:58:13] "[35m[1m00000000000000000000[0m" HTTPStatus.BAD_REQUEST -
39.99.241.154 - - [17/May/2025 14:58:14] "[33mGET / HTTP/1.0[0m" 404 -
39.99.241.154 - - [17/May/2025 14:58:14] "[33mGET / HTTP/1.1[0m" 404 -
39.99.241.154 - - [17/May/2025 14:58:14] "[33mGET /favicon.ico HTTP/1.1[0m" 404 -
39.99.146.226 - - [17/May/2025 14:58:52] code 400, message Bad request syntax ('00000000000000000000')
39.99.146.226 - - [17/May/2025 14:58:52] "[35m[1m00000000000000000000[0m" HTTPStatus.BAD_REQUEST -
39.99.146.226 - - [17/May/2025 14:58:52] "[33mGET / HTTP/1.0[0m" 404 -
39.99.146.226 - - [17/May/2025 14:58:52] "[33mGET / HTTP/1.1[0m" 404 -
39.99.146.226 - - [17/May/2025 14:58:52] "[33mGET /favicon.ico HTTP/1.1[0m" 404 -
39.99.239.250 - - [17/May/2025 14:59:36] code 400, message Bad request syntax ('00000000000000000000')
39.99.239.250 - - [17/May/2025 14:59:36] "[35m[1m00000000000000000000[0m" HTTPStatus.BAD_REQUEST -
39.99.239.250 - - [17/May/2025 14:59:36] "[33mGET / HTTP/1.0[0m" 404 -
39.99.239.250 - - [17/May/2025 14:59:36] "[33mGET / HTTP/1.1[0m" 404 -
39.99.239.250 - - [17/May/2025 14:59:36] "[33mGET /favicon.ico HTTP/1.1[0m" 404 -
39.99.241.154 - - [17/May/2025 15:00:53] code 400, message Bad request syntax ('00000000000000000000')
39.99.241.154 - - [17/May/2025 15:00:53] "[35m[1m00000000000000000000[0m" HTTPStatus.BAD_REQUEST -
39.99.241.154 - - [17/May/2025 15:00:53] "[33mGET / HTTP/1.0[0m" 404 -
39.99.241.154 - - [17/May/2025 15:00:53] "[33mGET / HTTP/1.1[0m" 404 -
39.99.241.154 - - [17/May/2025 15:00:53] "[33mGET /favicon.ico HTTP/1.1[0m" 404 -
39.99.239.183 - - [17/May/2025 15:01:38] code 400, message Bad request syntax ('00000000000000000000')
39.99.239.183 - - [17/May/2025 15:01:38] "[35m[1m00000000000000000000[0m" HTTPStatus.BAD_REQUEST -
39.99.239.183 - - [17/May/2025 15:01:38] "[33mGET / HTTP/1.0[0m" 404 -
39.99.239.183 - - [17/May/2025 15:01:38] "[33mGET / HTTP/1.1[0m" 404 -
39.99.239.183 - - [17/May/2025 15:01:38] "[33mGET /favicon.ico HTTP/1.1[0m" 404 -
39.99.229.105 - - [17/May/2025 15:02:09] code 400, message Bad request syntax ('00000000000000000000')
39.99.229.105 - - [17/May/2025 15:02:09] "[35m[1m00000000000000000000[0m" HTTPStatus.BAD_REQUEST -
39.99.229.105 - - [17/May/2025 15:02:09] "[33mGET / HTTP/1.0[0m" 404 -
39.99.229.105 - - [17/May/2025 15:02:09] "[33mGET / HTTP/1.1[0m" 404 -
39.99.229.105 - - [17/May/2025 15:02:09] "[33mGET /favicon.ico HTTP/1.1[0m" 404 -
39.99.235.16 - - [17/May/2025 15:06:20] code 400, message Bad request syntax ('00000000000000000000')
39.99.235.16 - - [17/May/2025 15:06:20] "[35m[1m00000000000000000000[0m" HTTPStatus.BAD_REQUEST -
39.99.235.16 - - [17/May/2025 15:06:20] "[33mGET / HTTP/1.0[0m" 404 -
39.99.235.16 - - [17/May/2025 15:06:20] "[33mGET / HTTP/1.1[0m" 404 -
39.99.235.16 - - [17/May/2025 15:06:20] "[33mGET /favicon.ico HTTP/1.1[0m" 404 -
93.123.109.71 - - [17/May/2025 15:07:21] code 400, message Bad HTTP/0.9 request type ('\x03\x00\x00/*√†\x00\x00\x00\x00\x00Cookie:')
93.123.109.71 - - [17/May/2025 15:07:21] "[35m[1m\x03\x00\x00/*√†\x00\x00\x00\x00\x00Cookie: mstshash=Administr[0m" HTTPStatus.BAD_REQUEST -
39.99.132.191 - - [17/May/2025 15:07:36] code 400, message Bad request syntax ('00000000000000000000')
39.99.132.191 - - [17/May/2025 15:07:36] "[35m[1m00000000000000000000[0m" HTTPStatus.BAD_REQUEST -
39.99.132.191 - - [17/May/2025 15:07:36] "[33mGET / HTTP/1.0[0m" 404 -
39.99.132.191 - - [17/May/2025 15:07:36] "[33mGET / HTTP/1.1[0m" 404 -
39.99.132.191 - - [17/May/2025 15:07:36] "[33mGET /favicon.ico HTTP/1.1[0m" 404 -
39.99.238.100 - - [17/May/2025 15:09:37] code 400, message Bad request syntax ('00000000000000000000')
39.99.238.100 - - [17/May/2025 15:09:37] "[35m[1m00000000000000000000[0m" HTTPStatus.BAD_REQUEST -
39.99.238.100 - - [17/May/2025 15:09:37] "[33mGET / HTTP/1.0[0m" 404 -
39.99.238.100 - - [17/May/2025 15:09:37] "[33mGET / HTTP/1.1[0m" 404 -
39.99.238.100 - - [17/May/2025 15:09:38] "[33mGET /favicon.ico HTTP/1.1[0m" 404 -
39.99.146.226 - - [17/May/2025 15:10:11] code 400, message Bad request syntax ('00000000000000000000')
39.99.146.226 - - [17/May/2025 15:10:11] "[35m[1m00000000000000000000[0m" HTTPStatus.BAD_REQUEST -
39.99.146.226 - - [17/May/2025 15:10:11] "[33mGET / HTTP/1.0[0m" 404 -
39.99.146.226 - - [17/May/2025 15:10:11] "[33mGET / HTTP/1.1[0m" 404 -
39.99.146.226 - - [17/May/2025 15:10:11] "[33mGET /favicon.ico HTTP/1.1[0m" 404 -
39.99.132.191 - - [17/May/2025 15:14:00] code 400, message Bad request syntax ('00000000000000000000')
39.99.132.191 - - [17/May/2025 15:14:00] "[35m[1m00000000000000000000[0m" HTTPStatus.BAD_REQUEST -
39.99.132.191 - - [17/May/2025 15:14:00] "[33mGET / HTTP/1.0[0m" 404 -
39.99.132.191 - - [17/May/2025 15:14:00] "[33mGET / HTTP/1.1[0m" 404 -
39.99.132.191 - - [17/May/2025 15:14:00] "[33mGET /favicon.ico HTTP/1.1[0m" 404 -
178.159.37.70 - - [17/May/2025 15:17:45] code 400, message Bad HTTP/0.9 request type ('\x03\x00\x00/*√†\x00\x00\x00\x00\x00Cookie:')
178.159.37.70 - - [17/May/2025 15:17:45] "[35m[1m\x03\x00\x00/*√†\x00\x00\x00\x00\x00Cookie: mstshash=Administr[0m" HTTPStatus.BAD_REQUEST -
31.7.62.234 - - [17/May/2025 15:23:50] code 400, message Bad HTTP/0.9 request type ('\x03\x00\x00/*√†\x00\x00\x00\x00\x00Cookie:')
31.7.62.234 - - [17/May/2025 15:23:50] "[35m[1m\x03\x00\x00/*√†\x00\x00\x00\x00\x00Cookie: mstshash=Administr[0m" HTTPStatus.BAD_REQUEST -
195.184.76.5 - - [17/May/2025 15:40:09] code 400, message Bad request version ('√óF\x1b?√©√á√ù¬Ø`√ÅO-¬ß√å√ù√´¬Ω√ü\x83√èb#¬Ω')
195.184.76.5 - - [17/May/2025 15:40:09] "[35m[1m\x16\x03\x03\x01¬¶\x01\x00\x01¬¢\x03\x03d*\x1e¬≥!√Éb¬≤\x99\x0c√ª\x04¬∏+|\x0c#√£\x03√ù√ç1\x90¬™√û\x1a¬±=√ô√£\x92\x11 +√π¬ß\x1c√óF\x1b?√©√á√ù¬Ø`√ÅO-¬ß√å√ù√´¬Ω√ü\x83√èb#¬Ω[0m" HTTPStatus.BAD_REQUEST -
195.184.76.231 - - [17/May/2025 15:40:14] "[33mGET / HTTP/1.1[0m" 404 -
195.184.76.1 - - [17/May/2025 15:53:13] "[33mGET /favicon.ico HTTP/1.1[0m" 404 -
147.185.132.55 - - [17/May/2025 15:59:58] "[33mGET / HTTP/1.0[0m" 404 -
83.222.190.78 - - [17/May/2025 16:56:45] code 400, message Bad HTTP/0.9 request type ('\x03\x00\x00/*√†\x00\x00\x00\x00\x00Cookie:')
83.222.190.78 - - [17/May/2025 16:56:45] "[35m[1m\x03\x00\x00/*√†\x00\x00\x00\x00\x00Cookie: mstshash=Administr[0m" HTTPStatus.BAD_REQUEST -
3.137.73.221 - - [17/May/2025 17:22:59] "[33mGET / HTTP/1.1[0m" 404 -
3.137.73.221 - - [17/May/2025 17:27:37] code 400, message Bad request version ('√Ä\x14√Ä')
3.137.73.221 - - [17/May/2025 17:27:37] "[35m[1m\x16\x03\x01\x00{\x01\x00\x00w\x03\x03<¬ø√ö√á√Ö¬∑\x12¬µ¬∏\x97f¬¨\x9f9;\x08W]\x1d¬º =√¶¬∞√Ä√©-n√É√©\x90\x88\x00\x00\x1a√Ä/√Ä+√Ä\x11√Ä\x07√Ä\x13√Ä\x09√Ä\x14√Ä[0m" HTTPStatus.BAD_REQUEST -
3.137.73.221 - - [17/May/2025 17:29:33] code 400, message Bad request syntax ('SSH-2.0-Go')
3.137.73.221 - - [17/May/2025 17:29:33] "[35m[1mSSH-2.0-Go[0m" HTTPStatus.BAD_REQUEST -
3.137.73.221 - - [17/May/2025 17:31:36] code 400, message Bad request version ('√Ä\x14√Ä')
3.137.73.221 - - [17/May/2025 17:31:36] "[35m[1m\x16\x03\x01\x00{\x01\x00\x00w\x03\x03√âr√û75%H6√ªy\x0cw¬µ;√é√à~3-w\x9e√Ö;S√™\x19\x1a√ö\x96√ôet\x00\x00\x1a√Ä/√Ä+√Ä\x11√Ä\x07√Ä\x13√Ä\x09√Ä\x14√Ä[0m" HTTPStatus.BAD_REQUEST -
111.7.96.147 - - [17/May/2025 18:04:29] code 400, message Bad request version ('√Ä\x13√Ä')
111.7.96.147 - - [17/May/2025 18:04:29] "[35m[1m\x16\x03\x01\x00√Æ\x01\x00\x00√™\x03\x03I\x06¬≤√π¬º\x99i√ÄY√ª√∏¬∫e-\x83Ud]\x0e\x8d¬∑b8¬¥g√Ü√ù9dZ8f g√Å\x81i¬≥√∂√≤√ã¬∞¬©\x19N√ñ¬Ω\x95g|p√º√©<Z¬°\x90T¬∑√©¬•8'O;\x00&√Ä+√Ä/√Ä,√Ä0√å¬©√å¬®√Ä\x09√Ä\x13√Ä[0m" HTTPStatus.BAD_REQUEST -
111.7.96.147 - - [17/May/2025 18:04:39] "[33mGET / HTTP/1.1[0m" 404 -
113.141.87.68 - - [17/May/2025 18:04:58] "[33mGET / HTTP/1.1[0m" 404 -
74.82.47.3 - - [17/May/2025 19:23:20] "[33mGET / HTTP/1.1[0m" 404 -
74.82.47.3 - - [17/May/2025 19:23:37] "[33mGET /favicon.ico HTTP/1.1[0m" 404 -
222.94.238.54 - - [17/May/2025 19:29:21] "GET /api/user/5 HTTP/1.1" 200 -
222.94.238.54 - - [17/May/2025 19:29:21] "[33mGET /favicon.ico HTTP/1.1[0m" 404 -
103.36.25.6 - - [17/May/2025 19:31:14] "GET /api/user/6 HTTP/1.1" 200 -
103.36.25.6 - - [17/May/2025 19:31:19] "[33mGET /api/user/7 HTTP/1.1[0m" 404 -
134.209.228.153 - - [17/May/2025 19:51:33] "[33mGET / HTTP/1.0[0m" 404 -
178.128.199.39 - - [17/May/2025 19:51:34] "[33mGET /solr/admin/info/system HTTP/1.1[0m" 404 -
46.101.123.72 - - [17/May/2025 19:51:34] code 400, message Bad request version ("\x00>\x13\x02\x13\x03\x13\x01√Ä,√Ä0\x00\x9f√å¬©√å¬®√å¬™√Ä+√Ä/\x00\x9e√Ä$√Ä(\x00k√Ä#√Ä'\x00g√Ä")
46.101.123.72 - - [17/May/2025 19:51:34] "[35m[1m\x16\x03\x01\x01$\x01\x00\x01 \x03\x03\x0e\x06-b\x96√£5¬¨√™√π√£+√ós√çw\x13\x1a√™√π¬£¬°√ûL√ë\x90.√Äp;\x98  \x91¬†\x97√π\x02i¬†√î√¥\x7f\x09√∫~.\x04\x16\x1a4~¬æ¬∑Y¬Æ√Æ√ó√Ç\x02√Å\x1e:\x1a\x0b\x00>\x13\x02\x13\x03\x13\x01√Ä,√Ä0\x00\x9f√å¬©√å¬®√å¬™√Ä+√Ä/\x00\x9e√Ä$√Ä(\x00k√Ä#√Ä'\x00g√Ä[0m" HTTPStatus.BAD_REQUEST -
165.227.157.217 - - [17/May/2025 19:51:34] "[33mGET / HTTP/1.1[0m" 404 -
46.101.96.144 - - [17/May/2025 19:51:34] "[33mGET /v2/_catalog HTTP/1.1[0m" 404 -
207.154.230.169 - - [17/May/2025 19:51:34] "[33mGET /cgi-bin/authLogin.cgi HTTP/1.1[0m" 404 -
157.230.108.201 - - [17/May/2025 19:51:34] code 400, message Bad request version ('√≥\x0e0Yl?\x03√•')
157.230.108.201 - - [17/May/2025 19:51:34] "[35m[1m\x16\x03\x01\x00√Æ\x01\x00\x00√™\x03\x03\x1a\x80√Ω\x86√Å¬µ\x1f\x8ab\x9cw√°[u`¬´`\x0f√ºv\x1f\x1am*)g\x06√Ö√á\x875= √≥\x0e0Yl?\x03√•[0m" HTTPStatus.BAD_REQUEST -
178.128.199.39 - - [17/May/2025 19:51:34] "[33mGET /solr/admin/cores?action=STATUS&wt=json HTTP/1.1[0m" 404 -
167.172.99.113 - - [17/May/2025 19:51:35] "[33mGET /query?q=SHOW+DIAGNOSTICS HTTP/1.1[0m" 404 -
157.230.108.201 - - [17/May/2025 19:51:35] code 400, message Bad request version ('√Ä\x13√Ä')
157.230.108.201 - - [17/May/2025 19:51:35] "[35m[1m\x16\x03\x01\x00√Æ\x01\x00\x00√™\x03\x03\\\x130\x1d√ôD√¨\x01f¬∂u\x06|E\x97M√Ö√å¬≤\x87√É√Ω√™'√ç\x09√à¬π[√Ö√Ç√∫ √•`\x82\\a|:\x8bT\x14¬∏\x00\x14v√ç\x04\x011√•~¬®\x86√Å\x9a√ÅI¬´\x86\x08.\x0d¬ß\x00&√Ä+√Ä/√Ä,√Ä0√å¬©√å¬®√Ä\x09√Ä\x13√Ä[0m" HTTPStatus.BAD_REQUEST -
178.128.221.39 - - [17/May/2025 19:51:37] "[33mGET /favicon.ico HTTP/1.1[0m" 404 -
165.227.162.41 - - [17/May/2025 20:28:37] "[33mGET / HTTP/1.0[0m" 404 -
64.226.64.155 - - [17/May/2025 20:28:38] "[33mGET /query?q=SHOW+DIAGNOSTICS HTTP/1.1[0m" 404 -
178.128.199.39 - - [17/May/2025 20:28:38] code 400, message Bad request version ('m¬ª\x86G√á√äWJ¬±\x11\x16+k\x02V#\x02¬∂')
178.128.199.39 - - [17/May/2025 20:28:38] "[35m[1m\x16\x03\x01\x00√Æ\x01\x00\x00√™\x03\x03\x88√†\x0c1¬∂\x98\x9b\\¬∫4\x93¬≠\x1cr>\x1f¬∑√î\x0c"√°zlC¬≠|√üU\x16e<v W\x0bm¬ª\x86G√á√äWJ¬±\x11\x16+k\x02V#\x02¬∂[0m" HTTPStatus.BAD_REQUEST -
46.101.123.72 - - [17/May/2025 20:28:38] "[33mGET /solr/admin/info/system HTTP/1.1[0m" 404 -
207.154.230.169 - - [17/May/2025 20:28:38] "[33mGET /v2/_catalog HTTP/1.1[0m" 404 -
178.128.199.39 - - [17/May/2025 20:28:38] code 400, message Bad request version ('√Ä\x13√Ä')
178.128.199.39 - - [17/May/2025 20:28:38] "[35m[1m\x16\x03\x01\x00√Æ\x01\x00\x00√™\x03\x03√§¬´s'\x1e'√ï)\x92A¬Ω¬π\x7f~\x97\x0f\x86√∑\x96)¬§\x0e,√è\x80\x1d\x8d4\x1a&√å\x94 √ú-\x9d\x9a\x87\x947\x94¬Ω\x93\x08K¬Ωm4\x1f√•~o)1√ö¬π√≤√≥\x8a\x9c√ú\x0eW\x86√Ñ\x00&√Ä+√Ä/√Ä,√Ä0√å¬©√å¬®√Ä\x09√Ä\x13√Ä[0m" HTTPStatus.BAD_REQUEST -
167.71.41.125 - - [17/May/2025 20:28:39] code 400, message Bad request version ("\x06o)\x90¬∞GujM\x969/&t√ñ√≠xT¬±\x19√ü√ß√Ω\x92√ó¬©t¬±\x19\x00\x9bU\x00>\x13\x02\x13\x03\x13\x01√Ä,√Ä0\x00\x9f√å¬©√å¬®√å¬™√Ä+√Ä/\x00\x9e√Ä$√Ä(\x00k√Ä#√Ä'\x00g√Ä")
167.71.41.125 - - [17/May/2025 20:28:39] "[35m[1m\x16\x03\x01\x01$\x01\x00\x01 \x03\x03√Ü \x97¬ª\x01>AJ¬Ø1N\x9bA√®}m~\x8a6¬§√ñ\x09¬≠¬™¬Æ√¨\x19¬øM\x02¬ªP \x06o)\x90¬∞GujM\x969/&t√ñ√≠xT¬±\x19√ü√ß√Ω\x92√ó¬©t¬±\x19\x00\x9bU\x00>\x13\x02\x13\x03\x13\x01√Ä,√Ä0\x00\x9f√å¬©√å¬®√å¬™√Ä+√Ä/\x00\x9e√Ä$√Ä(\x00k√Ä#√Ä'\x00g√Ä[0m" HTTPStatus.BAD_REQUEST -
46.101.123.72 - - [17/May/2025 20:28:39] "[33mGET /solr/admin/cores?action=STATUS&wt=json HTTP/1.1[0m" 404 -
207.154.235.56 - - [17/May/2025 20:28:39] "[33mGET / HTTP/1.1[0m" 404 -
157.230.108.201 - - [17/May/2025 20:28:41] "[33mGET /cgi-bin/authLogin.cgi HTTP/1.1[0m" 404 -
128.199.164.57 - - [17/May/2025 20:28:44] "[33mGET /favicon.ico HTTP/1.1[0m" 404 -
192.241.185.12 - - [18/May/2025 00:09:06] code 400, message Bad request version ('√Ä\x14√Ä')
192.241.185.12 - - [18/May/2025 00:09:06] "[35m[1m\x16\x03\x01\x00{\x01\x00\x00w\x03\x03\x8b\x1f\x00¬∑\x1e\x13¬∂\x00}b#\x15-D\x02¬æf:√¢\x1d@\x8d\x08√∞¬ø\x10F√â√é\x16¬±!\x00\x00\x1a√Ä/√Ä+√Ä\x11√Ä\x07√Ä\x13√Ä\x09√Ä\x14√Ä[0m" HTTPStatus.BAD_REQUEST -
192.241.185.12 - - [18/May/2025 00:09:06] code 400, message Bad HTTP/0.9 request type ('\x16\x03\x01\x00{\x01\x00\x00w\x03\x03√∞9√ê√¨\x01k\x83U¬≥/y.√ò√∑¬∏o\x84\x04\x12\x02\x9a\x98√àUFL√Ö¬®\x15F-\x08\x00\x00\x1a√Ä/√Ä+√Ä\x11√Ä\x07√Ä\x13√Ä')
192.241.185.12 - - [18/May/2025 00:09:06] "[35m[1m\x16\x03\x01\x00{\x01\x00\x00w\x03\x03√∞9√ê√¨\x01k\x83U¬≥/y.√ò√∑¬∏o\x84\x04\x12\x02\x9a\x98√àUFL√Ö¬®\x15F-\x08\x00\x00\x1a√Ä/√Ä+√Ä\x11√Ä\x07√Ä\x13√Ä\x09√Ä\x14√Ä[0m" HTTPStatus.BAD_REQUEST -
192.241.185.12 - - [18/May/2025 00:09:07] "[33mGET / HTTP/1.1[0m" 404 -
178.173.242.224 - - [18/May/2025 02:15:40] code 400, message Bad request syntax ('\x03\x00\x00\x13\x0e√†\x00\x00\x00\x00\x00\x01\x00\x08\x00\x03\x00\x00\x00')
178.173.242.224 - - [18/May/2025 02:15:40] "[35m[1m\x03\x00\x00\x13\x0e√†\x00\x00\x00\x00\x00\x01\x00\x08\x00\x03\x00\x00\x00[0m" HTTPStatus.BAD_REQUEST -
31.7.62.234 - - [18/May/2025 04:49:28] code 400, message Bad HTTP/0.9 request type ('\x03\x00\x00/*√†\x00\x00\x00\x00\x00Cookie:')
31.7.62.234 - - [18/May/2025 04:49:28] "[35m[1m\x03\x00\x00/*√†\x00\x00\x00\x00\x00Cookie: mstshash=Administr[0m" HTTPStatus.BAD_REQUEST -
93.123.109.71 - - [18/May/2025 06:09:25] code 400, message Bad HTTP/0.9 request type ('\x03\x00\x00/*√†\x00\x00\x00\x00\x00Cookie:')
93.123.109.71 - - [18/May/2025 06:09:25] "[35m[1m\x03\x00\x00/*√†\x00\x00\x00\x00\x00Cookie: mstshash=Administr[0m" HTTPStatus.BAD_REQUEST -
101.251.238.173 - - [18/May/2025 07:09:41] code 400, message Bad request version ('\x17√Å\x8c"¬£√¨?Q¬µ√ÄH√öB\x13%√ä√∫r.D√≠√Ü√ÅR\x89√í√í¬¢\x0e9d√æ\x00>\x13\x02\x13\x03\x13\x01√Ä,√Ä0\x00\x9f√å¬©√å¬®√å¬™√Ä+√Ä/\x00\x9e√Ä$√Ä(\x00k√Ä#√Ä\'\x00g√Ä')
101.251.238.173 - - [18/May/2025 07:09:41] "[35m[1m\x16\x03\x01\x02\x00\x01\x00\x01√º\x03\x03^¬∫4ifv\x04¬Æ\x0d.√∫√¥\x02\x06\x17¬´>¬Æ\x8a√±7\x92\x8e√∞\x0e¬ΩR√Ω¬∂√¶√¥√∫ \x17√Å\x8c"¬£√¨?Q¬µ√ÄH√öB\x13%√ä√∫r.D√≠√Ü√ÅR\x89√í√í¬¢\x0e9d√æ\x00>\x13\x02\x13\x03\x13\x01√Ä,√Ä0\x00\x9f√å¬©√å¬®√å¬™√Ä+√Ä/\x00\x9e√Ä$√Ä(\x00k√Ä#√Ä'\x00g√Ä[0m" HTTPStatus.BAD_REQUEST -
101.251.238.173 - - [18/May/2025 07:09:42] "[33mGET / HTTP/1.1[0m" 404 -
101.251.238.173 - - [18/May/2025 07:10:40] code 400, message Bad request version ("\x80\x8e√ö√≠√ü√Ø√†\x9d\x1b√®0\x03\x84{\x98_¬£\x00>\x13\x02\x13\x03\x13\x01√Ä,√Ä0\x00\x9f√å¬©√å¬®√å¬™√Ä+√Ä/\x00\x9e√Ä$√Ä(\x00k√Ä#√Ä'\x00g√Ä")
101.251.238.173 - - [18/May/2025 07:10:40] "[35m[1m\x16\x03\x01\x02\x00\x01\x00\x01√º\x03\x03√ü\x0b,√à^U¬∫¬º√¶PX}\x89\x12ucF¬¢?n√å√≠√∂\x17)\x0fRk\x94¬∫ZQ \x06¬†√≥\x93r√±\x9dy\x88\x88√ì√§^√ö\x1f\x80\x8e√ö√≠√ü√Ø√†\x9d\x1b√®0\x03\x84{\x98_¬£\x00>\x13\x02\x13\x03\x13\x01√Ä,√Ä0\x00\x9f√å¬©√å¬®√å¬™√Ä+√Ä/\x00\x9e√Ä$√Ä(\x00k√Ä#√Ä'\x00g√Ä[0m" HTTPStatus.BAD_REQUEST -
101.251.238.173 - - [18/May/2025 07:10:42] "[33mGET / HTTP/1.1[0m" 404 -
101.251.238.173 - - [18/May/2025 07:11:18] code 400, message Bad HTTP/0.9 request type ('\x16\x03\x01\x02\x00\x01\x00\x01√º\x03\x03√¥¬Ω√ü\x10√Å√∑√ûeP\x17√ã\x13\x06%\x19¬£√øe:8~√à¬∞\x90MI¬∏#\x04s]¬¶')
101.251.238.173 - - [18/May/2025 07:11:18] "[35m[1m\x16\x03\x01\x02\x00\x01\x00\x01√º\x03\x03√¥¬Ω√ü\x10√Å√∑√ûeP\x17√ã\x13\x06%\x19¬£√øe:8~√à¬∞\x90MI¬∏#\x04s]¬¶ \x12¬µ√ö\x8fm√ë√øJty9v√∑'UC√£\x00√¢x\x8c=√±\x80vo@gZ¬∏¬´¬¨\x00>\x13\x02\x13\x03\x13\x01√Ä,√Ä0\x00\x9f√å¬©√å¬®√å¬™√Ä+√Ä/\x00\x9e√Ä$√Ä(\x00k√Ä#√Ä'\x00g√Ä[0m" HTTPStatus.BAD_REQUEST -
101.251.238.173 - - [18/May/2025 07:11:18] "[33mGET / HTTP/1.1[0m" 404 -
223.113.128.133 - - [18/May/2025 08:32:06] "[33mGET / HTTP/1.1[0m" 404 -
223.113.128.133 - - [18/May/2025 08:32:07] code 400, message Bad request version ('√Ä\x13√Ä')
223.113.128.133 - - [18/May/2025 08:32:07] "[35m[1m\x16\x03\x01\x00√≤\x01\x00\x00√Æ\x03\x03\x1e8\\\x93√à*3√¢%¬∫\x11y=]NZ3\x0e√Å√º\x946<√Ü\x0b$√¨\x8e<√™¬∞√∏ ¬ø√®\x8d^\x03\x00C√à¬≤\x85=√Æ\x84i;¬±√Ü√∑\x8a√è\x9a¬ºG\x8a\x80√ã¬£\x93√º;D¬æ\x00&√Ä+√Ä/√Ä,√Ä0√å¬©√å¬®√Ä\x09√Ä\x13√Ä[0m" HTTPStatus.BAD_REQUEST -
223.113.128.133 - - [18/May/2025 08:32:07] code 400, message Bad HTTP/0.9 request type ('t3')
223.113.128.133 - - [18/May/2025 08:32:07] "[35m[1mt3 12.1.2[0m" HTTPStatus.BAD_REQUEST -
106.75.64.160 - - [18/May/2025 08:32:32] "[33mGET / HTTP/1.1[0m" 404 -
106.75.64.160 - - [18/May/2025 08:32:32] "[33mGET /favicon.ico HTTP/1.1[0m" 404 -
106.75.64.160 - - [18/May/2025 08:32:32] "[33mGET /sitemap.xml HTTP/1.1[0m" 404 -
106.75.64.160 - - [18/May/2025 08:32:32] "[33mGET /robots.txt HTTP/1.1[0m" 404 -
147.185.132.171 - - [18/May/2025 08:53:48] "[33mGET / HTTP/1.0[0m" 404 -
61.129.155.196 - - [18/May/2025 09:17:59] "[33mGET / HTTP/1.0[0m" 404 -
61.129.155.196 - - [18/May/2025 09:18:03] "[33mHEAD / HTTP/1.1[0m" 404 -
61.129.155.196 - - [18/May/2025 09:18:03] "[33mGET / HTTP/1.1[0m" 404 -
61.129.155.196 - - [18/May/2025 09:18:13] code 400, message Bad request version ('\x97th√≥[¬ßa\x02\x89?¬©b√Ü\x12\x19&√úr\x94\x94K\x16g√≠√±√Ø`f\x16√º7√á\x00¬Æ\x13\x02\x13\x03\x13\x01\x00\x05\x00\x16\x003\x009\x005\x00')
61.129.155.196 - - [18/May/2025 09:18:13] "[35m[1m\x16\x03\x01\x02\x00\x01\x00\x01√º\x03\x03√úT'\x1c√ë¬™X√Ü)\x87¬§√áij\x95\x11'\x0c*√å√ì¬Æ&#¬†¬¥vH¬´\\¬•u \x97th√≥[¬ßa\x02\x89?¬©b√Ü\x12\x19&√úr\x94\x94K\x16g√≠√±√Ø`f\x16√º7√á\x00¬Æ\x13\x02\x13\x03\x13\x01\x00\x05\x00\x16\x003\x009\x005\x00[0m" HTTPStatus.BAD_REQUEST -
162.216.150.219 - - [18/May/2025 09:44:41] code 400, message Bad request version ('√¶3m¬£B√Ω√Ä¬ß\x90√∑\x1b1;\x07')
162.216.150.219 - - [18/May/2025 09:44:41] "[35m[1m\x16\x03\x01\x00√Æ\x01\x00\x00√™\x03\x03o_√™t√Ωm\x7f>√∏I3\x0co\x85√¶3m¬£B√Ω√Ä¬ß\x90√∑\x1b1;\x07[0m" HTTPStatus.BAD_REQUEST -
162.216.150.219 - - [18/May/2025 09:44:41] code 400, message Bad request version ('√Ä(√Ä$√Ä\x14√Ä')
162.216.150.219 - - [18/May/2025 09:44:41] "[35m[1m\x16\x03\x01\x00√ä\x01\x00\x00√Ü\x03\x03√ó\x16+\x977\x92L!¬ß9\x8f√¥\x1c\x10cE6¬™\\√ü¬±'\x05√¢√∂√Ø\x18¬•\x17Q,√¶\x00\x00h√å\x14√å\x13√Ä/√Ä+√Ä0√Ä,√Ä\x11√Ä\x07√Ä'√Ä#√Ä\x13√Ä\x09√Ä(√Ä$√Ä\x14√Ä[0m" HTTPStatus.BAD_REQUEST -
178.62.249.231 - - [18/May/2025 09:56:26] "[33mGET / HTTP/1.1[0m" 404 -
178.62.249.231 - - [18/May/2025 09:56:27] "[33mGET /favicon.ico HTTP/1.1[0m" 404 -
178.159.37.112 - - [18/May/2025 10:01:01] code 400, message Bad HTTP/0.9 request type ('\x03\x00\x00/*√†\x00\x00\x00\x00\x00Cookie:')
178.159.37.112 - - [18/May/2025 10:01:01] "[35m[1m\x03\x00\x00/*√†\x00\x00\x00\x00\x00Cookie: mstshash=Administr[0m" HTTPStatus.BAD_REQUEST -
198.235.24.129 - - [18/May/2025 11:35:04] "[33mGET / HTTP/1.0[0m" 404 -
147.185.132.96 - - [18/May/2025 13:09:58] "[33mGET / HTTP/1.1[0m" 404 -
178.159.37.112 - - [18/May/2025 13:16:29] code 400, message Bad HTTP/0.9 request type ('\x03\x00\x00/*√†\x00\x00\x00\x00\x00Cookie:')
178.159.37.112 - - [18/May/2025 13:16:29] "[35m[1m\x03\x00\x00/*√†\x00\x00\x00\x00\x00Cookie: mstshash=Administr[0m" HTTPStatus.BAD_REQUEST -
93.123.109.71 - - [18/May/2025 14:12:16] code 400, message Bad HTTP/0.9 request type ('\x03\x00\x00/*√†\x00\x00\x00\x00\x00Cookie:')
93.123.109.71 - - [18/May/2025 14:12:16] "[35m[1m\x03\x00\x00/*√†\x00\x00\x00\x00\x00Cookie: mstshash=Administr[0m" HTTPStatus.BAD_REQUEST -
205.210.31.134 - - [18/May/2025 14:14:40] "[33mGET / HTTP/1.1[0m" 404 -
222.94.238.54 - - [18/May/2025 15:27:45] "[31m[1mPOST /api/user/login HTTP/1.1[0m" 401 -
222.94.238.54 - - [18/May/2025 15:27:52] "POST /api/user/login HTTP/1.1" 200 -
222.94.238.54 - - [18/May/2025 15:27:52] "GET /api/user/2 HTTP/1.1" 200 -
222.94.238.54 - - [18/May/2025 15:30:50] "POST /api/user/login HTTP/1.1" 200 -
222.94.238.54 - - [18/May/2025 15:30:50] "GET /api/user/2 HTTP/1.1" 200 -
222.94.238.54 - - [18/May/2025 15:34:42] "POST /api/user/login HTTP/1.1" 200 -
222.94.238.54 - - [18/May/2025 15:34:43] "GET /api/user/2 HTTP/1.1" 200 -
222.94.238.54 - - [18/May/2025 15:40:19] "POST /api/user/login HTTP/1.1" 200 -
222.94.238.54 - - [18/May/2025 15:40:19] "GET /api/user/2 HTTP/1.1" 200 -
222.94.238.54 - - [18/May/2025 15:43:27] "[33mPOST /api/user/send_verification HTTP/1.1[0m" 404 -
222.94.238.54 - - [18/May/2025 15:52:47] "POST /api/user/login HTTP/1.1" 200 -
222.94.238.54 - - [18/May/2025 15:52:48] "GET /api/user/2 HTTP/1.1" 200 -
222.94.238.54 - - [18/May/2025 16:02:10] "POST /api/user/login HTTP/1.1" 200 -
222.94.238.54 - - [18/May/2025 16:02:10] "GET /api/user/2 HTTP/1.1" 200 -
83.222.190.78 - - [18/May/2025 16:25:52] code 400, message Bad HTTP/0.9 request type ('\x03\x00\x00/*√†\x00\x00\x00\x00\x00Cookie:')
83.222.190.78 - - [18/May/2025 16:25:52] "[35m[1m\x03\x00\x00/*√†\x00\x00\x00\x00\x00Cookie: mstshash=Administr[0m" HTTPStatus.BAD_REQUEST -
222.94.238.54 - - [18/May/2025 16:28:55] "[33mPOST /api/user/send_verification HTTP/1.1[0m" 404 -
222.94.238.54 - - [18/May/2025 16:29:58] "[33mPOST /api/user/send_verification HTTP/1.1[0m" 404 -
222.94.238.54 - - [18/May/2025 16:32:03] "POST /api/user/login HTTP/1.1" 200 -
222.94.238.54 - - [18/May/2025 16:32:04] "GET /api/user/2 HTTP/1.1" 200 -
103.36.25.6 - - [18/May/2025 16:36:17] "POST /api/user/login HTTP/1.1" 200 -
103.36.25.6 - - [18/May/2025 16:36:19] "GET /api/user/2 HTTP/1.1" 200 -
103.36.25.6 - - [18/May/2025 16:46:33] "[33mPOST /api/user/reset_password HTTP/1.1[0m" 404 -
